

================================================================
== Vivado HLS Report for 'pooling2d_large_cl_nopad_pad_me_1'
================================================================
* Date:           Wed Jun 15 23:30:56 2022

* Version:        2019.2.1 (Build 2724168 on Thu Dec 05 05:19:09 MST 2019)
* Project:        myproject_prj
* Solution:       solution1
* Product family: zynq
* Target device:  xc7z020-clg400-1


================================================================
== Performance Estimates
================================================================
+ Timing: 
    * Summary: 
    +--------+---------+----------+------------+
    |  Clock |  Target | Estimated| Uncertainty|
    +--------+---------+----------+------------+
    |ap_clk  | 5.00 ns | 4.321 ns |   0.62 ns  |
    +--------+---------+----------+------------+

+ Latency: 
    * Summary: 
    +---------+---------+----------+-----------+-----+-------+---------+
    |  Latency (cycles) |  Latency (absolute)  |   Interval  | Pipeline|
    |   min   |   max   |    min   |    max    | min |  max  |   Type  |
    +---------+---------+----------+-----------+-----+-------+---------+
    |      421|    12895| 2.105 us | 64.475 us |  421|  12895|   none  |
    +---------+---------+----------+-----------+-----+-------+---------+

    + Detail: 
        * Instance: 
        +-----------------------------------------------------------------------+-------------------------------------------------------+---------+---------+----------+----------+-----+-----+----------+
        |                                                                       |                                                       |  Latency (cycles) |  Latency (absolute) |  Interval | Pipeline |
        |                                Instance                               |                         Module                        |   min   |   max   |    min   |    max   | min | max |   Type   |
        +-----------------------------------------------------------------------+-------------------------------------------------------+---------+---------+----------+----------+-----+-----+----------+
        |call_ret_cnnshift_arr_ap_fixed_ap_fixed_32_16_5_3_0_config35_s_fu_190  |cnnshift_arr_ap_fixed_ap_fixed_32_16_5_3_0_config35_s  |        0|        0|   0 ns   |   0 ns   |    1|    1| function |
        +-----------------------------------------------------------------------+-------------------------------------------------------+---------+---------+----------+----------+-----+-----+----------+

        * Loop: 
        +-----------------+---------+---------+----------+-----------+-----------+------+----------+
        |                 |  Latency (cycles) | Iteration|  Initiation Interval  | Trip |          |
        |    Loop Name    |   min   |   max   |  Latency |  achieved |   target  | Count| Pipelined|
        +-----------------+---------+---------+----------+-----------+-----------+------+----------+
        |- Loop 1         |      420|    12894| 10 ~ 307 |          -|          -|    42|    no    |
        | + Loop 1.1      |      296|      296|        37|          -|          -|     8|    no    |
        |  ++ Loop 1.1.1  |       27|       27|         9|          -|          -|     3|    no    |
        +-----------------+---------+---------+----------+-----------+-----------+------+----------+



================================================================
== Utilization Estimates
================================================================
* Summary: 
+-----------------+---------+-------+--------+-------+-----+
|       Name      | BRAM_18K| DSP48E|   FF   |  LUT  | URAM|
+-----------------+---------+-------+--------+-------+-----+
|DSP              |        -|      -|       -|      -|    -|
|Expression       |        -|      -|       0|  18481|    -|
|FIFO             |        -|      -|       -|      -|    -|
|Instance         |        0|      -|   16281|  13830|    -|
|Memory           |        -|      -|       -|      -|    -|
|Multiplexer      |        -|      -|       -|    249|    -|
|Register         |        -|      -|   13541|      -|    -|
+-----------------+---------+-------+--------+-------+-----+
|Total            |        0|      0|   29822|  32560|    0|
+-----------------+---------+-------+--------+-------+-----+
|Available        |      280|    220|  106400|  53200|    0|
+-----------------+---------+-------+--------+-------+-----+
|Utilization (%)  |        0|      0|      28|     61|    0|
+-----------------+---------+-------+--------+-------+-----+

+ Detail: 
    * Instance: 
    +-----------------------------------------------------------------------+-------------------------------------------------------+---------+-------+------+------+-----+
    |                                Instance                               |                         Module                        | BRAM_18K| DSP48E|  FF  |  LUT | URAM|
    +-----------------------------------------------------------------------+-------------------------------------------------------+---------+-------+------+------+-----+
    |call_ret_cnnshift_arr_ap_fixed_ap_fixed_32_16_5_3_0_config35_s_fu_190  |cnnshift_arr_ap_fixed_ap_fixed_32_16_5_3_0_config35_s  |        0|      0|   513|   256|    0|
    |myproject_axi_lshr_1024ns_11ns_1024_6_1_U155                           |myproject_axi_lshr_1024ns_11ns_1024_6_1                |        0|      0|  3692|  3216|    0|
    |myproject_axi_lshr_1024ns_11ns_1024_6_1_U156                           |myproject_axi_lshr_1024ns_11ns_1024_6_1                |        0|      0|  3692|  3216|    0|
    |myproject_axi_lshr_1024ns_11ns_1024_6_1_U157                           |myproject_axi_lshr_1024ns_11ns_1024_6_1                |        0|      0|  3692|  3216|    0|
    |myproject_axi_lshr_1024ns_11ns_1024_6_1_U158                           |myproject_axi_lshr_1024ns_11ns_1024_6_1                |        0|      0|  3692|  3216|    0|
    |myproject_axi_lshr_128ns_8ns_128_6_1_U159                              |myproject_axi_lshr_128ns_8ns_128_6_1                   |        0|      0|  1000|   710|    0|
    +-----------------------------------------------------------------------+-------------------------------------------------------+---------+-------+------+------+-----+
    |Total                                                                  |                                                       |        0|      0| 16281| 13830|    0|
    +-----------------------------------------------------------------------+-------------------------------------------------------+---------+-------+------+------+-----+

    * DSP48E: 
    N/A

    * Memory: 
    N/A

    * FIFO: 
    N/A

    * Expression: 
    +---------------------------+----------+-------+---+------+------------+------------+
    |       Variable Name       | Operation| DSP48E| FF|  LUT | Bitwidth P0| Bitwidth P1|
    +---------------------------+----------+-------+---+------+------------+------------+
    |add_ln530_fu_562_p2        |     +    |      0|  0|    39|          32|           1|
    |add_ln532_fu_573_p2        |     +    |      0|  0|    39|          32|           1|
    |add_ln535_fu_522_p2        |     +    |      0|  0|    39|          32|           1|
    |add_ln537_fu_533_p2        |     +    |      0|  0|    39|          32|           1|
    |i1_fu_307_p2               |     +    |      0|  0|    13|           4|           1|
    |i_fu_940_p2                |     +    |      0|  0|    12|           1|           3|
    |i_ih_fu_231_p2             |     +    |      0|  0|    15|           6|           1|
    |sub_ln1494_7_fu_905_p2     |     -    |      0|  0|    15|           8|           8|
    |sub_ln1494_8_fu_934_p2     |     -    |      0|  0|    15|           7|           8|
    |sub_ln1494_fu_893_p2       |     -    |      0|  0|    15|           8|           8|
    |sub_ln203_34_fu_367_p2     |     -    |      0|  0|    13|          11|          11|
    |sub_ln203_35_fu_397_p2     |     -    |      0|  0|    13|          10|          11|
    |sub_ln203_36_fu_626_p2     |     -    |      0|  0|    13|          11|          11|
    |sub_ln203_37_fu_638_p2     |     -    |      0|  0|    13|          11|          11|
    |sub_ln203_38_fu_666_p2     |     -    |      0|  0|    13|          10|          11|
    |sub_ln203_39_fu_459_p2     |     -    |      0|  0|    13|          11|          11|
    |sub_ln203_40_fu_471_p2     |     -    |      0|  0|    13|          11|          11|
    |sub_ln203_41_fu_501_p2     |     -    |      0|  0|    13|          10|          11|
    |sub_ln203_42_fu_702_p2     |     -    |      0|  0|    13|          11|          11|
    |sub_ln203_43_fu_714_p2     |     -    |      0|  0|    13|          11|          11|
    |sub_ln203_44_fu_742_p2     |     -    |      0|  0|    13|          10|          11|
    |sub_ln203_fu_355_p2        |     -    |      0|  0|    13|          11|          11|
    |and_ln1494_fu_963_p2       |    and   |      0|  0|   128|         128|         128|
    |and_ln203_10_fu_809_p2     |    and   |      0|  0|  1024|        1024|        1024|
    |and_ln203_11_fu_791_p2     |    and   |      0|  0|  1024|        1024|        1024|
    |and_ln203_12_fu_827_p2     |    and   |      0|  0|  1024|        1024|        1024|
    |and_ln203_fu_773_p2        |    and   |      0|  0|  1024|        1024|        1024|
    |and_ln498_5_fu_289_p2      |    and   |      0|  0|     2|           1|           1|
    |and_ln498_6_fu_295_p2      |    and   |      0|  0|     2|           1|           1|
    |and_ln498_fu_283_p2        |    and   |      0|  0|     2|           1|           1|
    |ap_block_state19           |    and   |      0|  0|     2|           1|           1|
    |ap_block_state2            |    and   |      0|  0|     2|           1|           1|
    |icmp_ln1494_4_fu_870_p2    |   icmp   |      0|  0|    11|           7|           7|
    |icmp_ln1494_fu_972_p2      |   icmp   |      0|  0|    18|          32|          32|
    |icmp_ln203_10_fu_612_p2    |   icmp   |      0|  0|    13|           9|           9|
    |icmp_ln203_11_fu_435_p2    |   icmp   |      0|  0|    13|          10|          10|
    |icmp_ln203_12_fu_688_p2    |   icmp   |      0|  0|    13|           9|           9|
    |icmp_ln203_fu_331_p2       |   icmp   |      0|  0|    11|           8|           8|
    |icmp_ln484_fu_225_p2       |   icmp   |      0|  0|    11|           6|           6|
    |icmp_ln498_7_fu_257_p2     |   icmp   |      0|  0|    18|          32|           1|
    |icmp_ln498_8_fu_267_p2     |   icmp   |      0|  0|    18|          32|           1|
    |icmp_ln498_9_fu_277_p2     |   icmp   |      0|  0|    18|          32|           1|
    |icmp_ln498_fu_247_p2       |   icmp   |      0|  0|    18|          32|           1|
    |icmp_ln500_fu_301_p2       |   icmp   |      0|  0|    11|           4|           5|
    |icmp_ln512_fu_846_p2       |   icmp   |      0|  0|     9|           3|           4|
    |icmp_ln522_fu_517_p2       |   icmp   |      0|  0|    18|          32|           3|
    |icmp_ln526_fu_557_p2       |   icmp   |      0|  0|    18|          32|           3|
    |lshr_ln1494_4_fu_957_p2    |   lshr   |      0|  0|   423|           2|         128|
    |lshr_ln203_22_fu_767_p2    |   lshr   |      0|  0|  2171|           2|        1024|
    |lshr_ln203_24_fu_803_p2    |   lshr   |      0|  0|  2171|           2|        1024|
    |lshr_ln203_26_fu_785_p2    |   lshr   |      0|  0|  2171|           2|        1024|
    |lshr_ln203_28_fu_821_p2    |   lshr   |      0|  0|  2171|           2|        1024|
    |ap_block_state1            |    or    |      0|  0|     2|           1|           1|
    |ap_condition_224           |    or    |      0|  0|     2|           1|           1|
    |ap_condition_235           |    or    |      0|  0|     2|           1|           1|
    |ap_condition_389           |    or    |      0|  0|     2|           1|           1|
    |ap_condition_396           |    or    |      0|  0|     2|           1|           1|
    |empty_124_fu_325_p2        |    or    |      0|  0|     8|           8|           5|
    |empty_125_fu_606_p2        |    or    |      0|  0|     9|           9|           5|
    |empty_126_fu_429_p2        |    or    |      0|  0|    10|          10|           5|
    |empty_130_fu_864_p2        |    or    |      0|  0|     7|           7|           5|
    |pool_res_V_4_fu_977_p3     |  select  |      0|  0|    32|           1|          32|
    |select_ln1494_7_fu_919_p3  |  select  |      0|  0|   128|           1|         128|
    |select_ln1494_8_fu_926_p3  |  select  |      0|  0|     8|           1|           8|
    |select_ln1494_fu_911_p3    |  select  |      0|  0|     8|           1|           8|
    |select_ln203_34_fu_381_p3  |  select  |      0|  0|  1024|           1|        1024|
    |select_ln203_35_fu_389_p3  |  select  |      0|  0|    11|           1|          11|
    |select_ln203_36_fu_644_p3  |  select  |      0|  0|    11|           1|          11|
    |select_ln203_37_fu_652_p3  |  select  |      0|  0|  1024|           1|        1024|
    |select_ln203_38_fu_658_p3  |  select  |      0|  0|    11|           1|          11|
    |select_ln203_39_fu_477_p3  |  select  |      0|  0|    11|           1|          11|
    |select_ln203_40_fu_485_p3  |  select  |      0|  0|  1024|           1|        1024|
    |select_ln203_41_fu_493_p3  |  select  |      0|  0|    11|           1|          11|
    |select_ln203_42_fu_720_p3  |  select  |      0|  0|    11|           1|          11|
    |select_ln203_43_fu_728_p3  |  select  |      0|  0|  1024|           1|        1024|
    |select_ln203_44_fu_734_p3  |  select  |      0|  0|    11|           1|          11|
    |select_ln203_fu_373_p3     |  select  |      0|  0|    11|           1|          11|
    |select_ln532_fu_578_p3     |  select  |      0|  0|    32|           1|           1|
    |select_ln537_fu_538_p3     |  select  |      0|  0|    32|           1|           1|
    |xor_ln1494_fu_899_p2       |    xor   |      0|  0|     8|           8|           7|
    |xor_ln203_13_fu_361_p2     |    xor   |      0|  0|    11|          11|          10|
    |xor_ln203_14_fu_632_p2     |    xor   |      0|  0|    11|          11|          10|
    |xor_ln203_15_fu_465_p2     |    xor   |      0|  0|    11|          11|          10|
    |xor_ln203_16_fu_708_p2     |    xor   |      0|  0|    11|          11|          10|
    |xor_ln203_fu_403_p2        |    xor   |      0|  0|     5|           4|           5|
    +---------------------------+----------+-------+---+------+------------+------------+
    |Total                      |          |      0|  0| 18481|        4922|       13157|
    +---------------------------+----------+-------+---+------+------------+------------+

    * Multiplexer: 
    +--------------------+-----+-----------+-----+-----------+
    |        Name        | LUT | Input Size| Bits| Total Bits|
    +--------------------+-----+-----------+-----+-----------+
    |ap_NS_fsm           |  141|         31|    1|         31|
    |ap_done             |    9|          2|    1|          2|
    |data_V_V_blk_n      |    9|          2|    1|          2|
    |i1_0_reg_146        |    9|          2|    4|          8|
    |i_0_reg_168         |    9|          2|    3|          6|
    |i_ih_0_reg_135      |    9|          2|    6|         12|
    |pX_5                |    9|          2|   32|         64|
    |pY_5                |    9|          2|   32|         64|
    |real_start          |    9|          2|    1|          2|
    |res_V_V_blk_n       |    9|          2|    1|          2|
    |sX_5                |    9|          2|   32|         64|
    |storemerge_reg_179  |    9|          2|   32|         64|
    |tmp_V_reg_157       |    9|          2|   32|         64|
    +--------------------+-----+-----------+-----+-----------+
    |Total               |  249|         55|  178|        385|
    +--------------------+-----+-----------+-----+-----------+

    * Register: 
    +-------------------------------+------+----+------+-----------+
    |              Name             |  FF  | LUT| Bits | Const Bits|
    +-------------------------------+------+----+------+-----------+
    |and_ln498_6_reg_1070           |     1|   0|     1|          0|
    |ap_CS_fsm                      |    30|   0|    30|          0|
    |ap_done_reg                    |     1|   0|     1|          0|
    |i1_0_reg_146                   |     4|   0|     4|          0|
    |i1_reg_1077                    |     4|   0|     4|          0|
    |i_0_reg_168                    |     3|   0|     3|          0|
    |i_ih_0_reg_135                 |     6|   0|     6|          0|
    |i_ih_reg_998                   |     6|   0|     6|          0|
    |i_reg_1255                     |     3|   0|     3|          0|
    |icmp_ln498_7_reg_1053          |     1|   0|     1|          0|
    |icmp_ln498_reg_1043            |     1|   0|     1|          0|
    |icmp_ln522_reg_1133            |     1|   0|     1|          0|
    |layer_in_V_17                  |  1024|   0|  1024|          0|
    |layer_in_V_17_load_1_reg_1082  |  1024|   0|  1024|          0|
    |lshr_ln1494_reg_1265           |   128|   0|   128|          0|
    |lshr_ln203_23_reg_1216         |  1024|   0|  1024|          0|
    |lshr_ln203_25_reg_1205         |  1024|   0|  1024|          0|
    |lshr_ln203_27_reg_1226         |  1024|   0|  1024|          0|
    |lshr_ln203_reg_1200            |  1024|   0|  1024|          0|
    |pX_5                           |    32|   0|    32|          0|
    |pX_5_load_reg_1064             |    32|   0|    32|          0|
    |pY_5                           |    32|   0|    32|          0|
    |pY_5_load_reg_1058             |    32|   0|    32|          0|
    |pool_V_reg_1231                |   128|   0|   128|          0|
    |pool_res_V_reg_1210            |    32|   0|    32|          0|
    |sX_5                           |    32|   0|    32|          0|
    |sX_5_load_reg_1038             |    32|   0|    32|          0|
    |sY_5                           |    32|   0|    32|          0|
    |sY_5_load_reg_1048             |    32|   0|    32|          0|
    |select_ln1494_7_reg_1240       |   128|   0|   128|          0|
    |select_ln1494_8_reg_1245       |     8|   0|     8|          0|
    |select_ln203_34_reg_1088       |  1024|   0|  1024|          0|
    |select_ln203_35_reg_1093       |    11|   0|    11|          0|
    |select_ln203_37_reg_1155       |  1024|   0|  1024|          0|
    |select_ln203_38_reg_1160       |    11|   0|    11|          0|
    |select_ln203_40_reg_1113       |  1024|   0|  1024|          0|
    |select_ln203_41_reg_1118       |    11|   0|    11|          0|
    |select_ln203_43_reg_1175       |  1024|   0|  1024|          0|
    |select_ln203_44_reg_1180       |    11|   0|    11|          0|
    |select_ln532_reg_1145          |    32|   0|    32|          0|
    |select_ln537_reg_1137          |    32|   0|    32|          0|
    |start_once_reg                 |     1|   0|     1|          0|
    |storemerge_reg_179             |    32|   0|    32|          0|
    |sub_ln1494_8_reg_1250          |     7|   0|     8|          1|
    |sub_ln203_35_reg_1098          |    10|   0|    11|          1|
    |sub_ln203_38_reg_1165          |    10|   0|    11|          1|
    |sub_ln203_41_reg_1123          |    10|   0|    11|          1|
    |sub_ln203_44_reg_1185          |    10|   0|    11|          1|
    |tmp_20_reg_1108                |  1024|   0|  1024|          0|
    |tmp_22_reg_1128                |  1024|   0|  1024|          0|
    |tmp_V_89_reg_1003              |    32|   0|    32|          0|
    |tmp_V_90_reg_1008              |    32|   0|    32|          0|
    |tmp_V_91_reg_1013              |    32|   0|    32|          0|
    |tmp_V_92_reg_1018              |    32|   0|    32|          0|
    |tmp_V_93_reg_1023              |    32|   0|    32|          0|
    |tmp_V_94_reg_1028              |    32|   0|    32|          0|
    |tmp_V_95_reg_1033              |    32|   0|    32|          0|
    |tmp_V_reg_157                  |    32|   0|    32|          0|
    |trunc_ln1494_reg_1270          |    32|   0|    32|          0|
    |trunc_ln203_11_reg_1221        |    32|   0|    32|          0|
    |xor_ln203_reg_1103             |     4|   0|     4|          0|
    +-------------------------------+------+----+------+-----------+
    |Total                          | 13541|   0| 13546|          5|
    +-------------------------------+------+----+------+-----------+



================================================================
== Interface
================================================================
* Summary: 
+------------------+-----+-----+------------+-----------------------------------+--------------+
|     RTL Ports    | Dir | Bits|  Protocol  |           Source Object           |    C Type    |
+------------------+-----+-----+------------+-----------------------------------+--------------+
|ap_clk            |  in |    1| ap_ctrl_hs | pooling2d_large_cl_nopad_pad_me.1 | return value |
|ap_rst            |  in |    1| ap_ctrl_hs | pooling2d_large_cl_nopad_pad_me.1 | return value |
|ap_start          |  in |    1| ap_ctrl_hs | pooling2d_large_cl_nopad_pad_me.1 | return value |
|start_full_n      |  in |    1| ap_ctrl_hs | pooling2d_large_cl_nopad_pad_me.1 | return value |
|ap_done           | out |    1| ap_ctrl_hs | pooling2d_large_cl_nopad_pad_me.1 | return value |
|ap_continue       |  in |    1| ap_ctrl_hs | pooling2d_large_cl_nopad_pad_me.1 | return value |
|ap_idle           | out |    1| ap_ctrl_hs | pooling2d_large_cl_nopad_pad_me.1 | return value |
|ap_ready          | out |    1| ap_ctrl_hs | pooling2d_large_cl_nopad_pad_me.1 | return value |
|start_out         | out |    1| ap_ctrl_hs | pooling2d_large_cl_nopad_pad_me.1 | return value |
|start_write       | out |    1| ap_ctrl_hs | pooling2d_large_cl_nopad_pad_me.1 | return value |
|data_V_V_dout     |  in |   32|   ap_fifo  |              data_V_V             |    pointer   |
|data_V_V_empty_n  |  in |    1|   ap_fifo  |              data_V_V             |    pointer   |
|data_V_V_read     | out |    1|   ap_fifo  |              data_V_V             |    pointer   |
|res_V_V_din       | out |   32|   ap_fifo  |              res_V_V              |    pointer   |
|res_V_V_full_n    |  in |    1|   ap_fifo  |              res_V_V              |    pointer   |
|res_V_V_write     | out |    1|   ap_fifo  |              res_V_V              |    pointer   |
+------------------+-----+-----+------------+-----------------------------------+--------------+

