

================================================================
== Vivado HLS Report for 'cnnshift_arr_ap_fixed_ap_fixed_32_16_5_3_0_config4_s'
================================================================
* Date:           Wed Jun 15 23:30:05 2022

* Version:        2019.2.1 (Build 2724168 on Thu Dec 05 05:19:09 MST 2019)
* Project:        myproject_prj
* Solution:       solution1
* Product family: zynq
* Target device:  xc7z020-clg400-1


================================================================
== Performance Estimates
================================================================
+ Timing: 
    * Summary: 
    +--------+---------+----------+------------+
    |  Clock |  Target | Estimated| Uncertainty|
    +--------+---------+----------+------------+
    |ap_clk  | 5.00 ns | 3.256 ns |   0.62 ns  |
    +--------+---------+----------+------------+

+ Latency: 
    * Summary: 
    +---------+---------+----------+----------+-----+-----+----------+
    |  Latency (cycles) |  Latency (absolute) |  Interval | Pipeline |
    |   min   |   max   |    min   |    max   | min | max |   Type   |
    +---------+---------+----------+----------+-----+-----+----------+
    |        1|        1| 5.000 ns | 5.000 ns |    1|    1| function |
    +---------+---------+----------+----------+-----+-----+----------+

    + Detail: 
        * Instance: 
        N/A

        * Loop: 
        N/A

============================================================
+ Verbose Summary: Synthesis Manager
============================================================
InlineROM: 1
ExposeGlobal: 0
============================================================
+ Verbose Summary: CDFG Model
============================================================
IsTopModel: 0
ResetActiveHigh: 1
IsCombinational: 0
IsDatapathOnly: 0
HasWiredReturn: 1
HasMFsm: 2
HasVarLatency: 0
IsPipeline: 1
IsRtlPipelined: 1
IsInstanceOverlapped: 0
IsDontTouch: 0
HasImplIP: 0
IsGatedGlobalClock: 0

+ Individual pipeline summary: 
  * Pipeline-0: initiation interval (II) = 1, depth = 2


============================================================
+ Verbose Summary: Schedule
============================================================
* Number of FSM states : 2
* Pipeline : 1
  Pipeline-0 : II = 1, D = 2, States = { 1 2 }
* Dataflow Pipeline: 0

* FSM state transitions: 
1 --> 2 
2 --> 

* FSM state operations: 

State 1 <SV = 0> <Delay = 3.25>
ST_1 : Operation 3 [1/1] (0.00ns)   --->   "%output_V_read_3 = call i3200 @_ssdm_op_Read.ap_auto.i3200(i3200 %output_V_read)" [firmware/nnet_utils/nnet_conv2d_stream.h:141]   --->   Operation 3 'read' 'output_V_read_3' <Predicate = true> <Delay = 0.00>
ST_1 : Operation 4 [1/1] (0.00ns)   --->   "%data_V_read_2 = call i128 @_ssdm_op_Read.ap_auto.i128(i128 %data_V_read)" [firmware/nnet_utils/nnet_conv2d_stream.h:141]   --->   Operation 4 'read' 'data_V_read_2' <Predicate = true> <Delay = 0.00>
ST_1 : Operation 5 [1/1] (0.00ns)   --->   "%trunc_ln203 = trunc i128 %data_V_read_2 to i32" [firmware/nnet_utils/nnet_conv2d_stream.h:153]   --->   Operation 5 'trunc' 'trunc_ln203' <Predicate = true> <Delay = 0.00>
ST_1 : Operation 6 [1/1] (1.62ns)   --->   "%DataOut_V_22 = call i32 @"_ssdm_op_MemShiftRead.[59 x i32]P"(i32* getelementptr inbounds ([59 x i32]* @layer_in_row_Array_V_3_0_0, i64 0, i64 58), i32 %trunc_ln203, i1 true)" [firmware/nnet_utils/nnet_conv2d_stream.h:157]   --->   Operation 6 'memshiftread' 'DataOut_V_22' <Predicate = true> <Delay = 1.62> <Core = "ShiftReg">   --->   Core 33 'ShiftReg' <Latency = 0> <II = 1> <Delay = 1.62> <Storage> <Opcode : 'memshiftread' 'load'> <Ports = 1> <Width = 32> <Depth = 59> <ShiftMem>
ST_1 : Operation 7 [1/1] (1.62ns)   --->   "%DataOut_V_23 = call i32 @"_ssdm_op_MemShiftRead.[59 x i32]P"(i32* getelementptr inbounds ([59 x i32]* @layer_in_row_Array_V_3_1_0, i64 0, i64 58), i32 %DataOut_V_22, i1 true)" [firmware/nnet_utils/nnet_conv2d_stream.h:157]   --->   Operation 7 'memshiftread' 'DataOut_V_23' <Predicate = true> <Delay = 1.62> <Core = "ShiftReg">   --->   Core 33 'ShiftReg' <Latency = 0> <II = 1> <Delay = 1.62> <Storage> <Opcode : 'memshiftread' 'load'> <Ports = 1> <Width = 32> <Depth = 59> <ShiftMem>
ST_1 : Operation 8 [1/1] (0.00ns)   --->   "%DataIn_V_assign_s = call i32 @_ssdm_op_PartSelect.i32.i128.i32.i32(i128 %data_V_read_2, i32 32, i32 63)" [firmware/nnet_utils/nnet_conv2d_stream.h:153]   --->   Operation 8 'partselect' 'DataIn_V_assign_s' <Predicate = true> <Delay = 0.00>
ST_1 : Operation 9 [1/1] (1.62ns)   --->   "%DataOut_V_25 = call i32 @"_ssdm_op_MemShiftRead.[59 x i32]P"(i32* getelementptr inbounds ([59 x i32]* @layer_in_row_Array_V_3_0_1, i64 0, i64 58), i32 %DataIn_V_assign_s, i1 true)" [firmware/nnet_utils/nnet_conv2d_stream.h:157]   --->   Operation 9 'memshiftread' 'DataOut_V_25' <Predicate = true> <Delay = 1.62> <Core = "ShiftReg">   --->   Core 33 'ShiftReg' <Latency = 0> <II = 1> <Delay = 1.62> <Storage> <Opcode : 'memshiftread' 'load'> <Ports = 1> <Width = 32> <Depth = 59> <ShiftMem>
ST_1 : Operation 10 [1/1] (1.62ns)   --->   "%DataOut_V_26 = call i32 @"_ssdm_op_MemShiftRead.[59 x i32]P"(i32* getelementptr inbounds ([59 x i32]* @layer_in_row_Array_V_3_1_1, i64 0, i64 58), i32 %DataOut_V_25, i1 true)" [firmware/nnet_utils/nnet_conv2d_stream.h:157]   --->   Operation 10 'memshiftread' 'DataOut_V_26' <Predicate = true> <Delay = 1.62> <Core = "ShiftReg">   --->   Core 33 'ShiftReg' <Latency = 0> <II = 1> <Delay = 1.62> <Storage> <Opcode : 'memshiftread' 'load'> <Ports = 1> <Width = 32> <Depth = 59> <ShiftMem>
ST_1 : Operation 11 [1/1] (0.00ns)   --->   "%DataIn_V_assign_4 = call i32 @_ssdm_op_PartSelect.i32.i128.i32.i32(i128 %data_V_read_2, i32 64, i32 95)" [firmware/nnet_utils/nnet_conv2d_stream.h:153]   --->   Operation 11 'partselect' 'DataIn_V_assign_4' <Predicate = true> <Delay = 0.00>
ST_1 : Operation 12 [1/1] (1.62ns)   --->   "%DataOut_V_29 = call i32 @"_ssdm_op_MemShiftRead.[59 x i32]P"(i32* getelementptr inbounds ([59 x i32]* @layer_in_row_Array_V_3_0_2, i64 0, i64 58), i32 %DataIn_V_assign_4, i1 true)" [firmware/nnet_utils/nnet_conv2d_stream.h:157]   --->   Operation 12 'memshiftread' 'DataOut_V_29' <Predicate = true> <Delay = 1.62> <Core = "ShiftReg">   --->   Core 33 'ShiftReg' <Latency = 0> <II = 1> <Delay = 1.62> <Storage> <Opcode : 'memshiftread' 'load'> <Ports = 1> <Width = 32> <Depth = 59> <ShiftMem>
ST_1 : Operation 13 [1/1] (1.62ns)   --->   "%DataOut_V_30 = call i32 @"_ssdm_op_MemShiftRead.[59 x i32]P"(i32* getelementptr inbounds ([59 x i32]* @layer_in_row_Array_V_3_1_2, i64 0, i64 58), i32 %DataOut_V_29, i1 true)" [firmware/nnet_utils/nnet_conv2d_stream.h:157]   --->   Operation 13 'memshiftread' 'DataOut_V_30' <Predicate = true> <Delay = 1.62> <Core = "ShiftReg">   --->   Core 33 'ShiftReg' <Latency = 0> <II = 1> <Delay = 1.62> <Storage> <Opcode : 'memshiftread' 'load'> <Ports = 1> <Width = 32> <Depth = 59> <ShiftMem>
ST_1 : Operation 14 [1/1] (0.00ns)   --->   "%DataIn_V_assign_5 = call i32 @_ssdm_op_PartSelect.i32.i128.i32.i32(i128 %data_V_read_2, i32 96, i32 127)" [firmware/nnet_utils/nnet_conv2d_stream.h:153]   --->   Operation 14 'partselect' 'DataIn_V_assign_5' <Predicate = true> <Delay = 0.00>
ST_1 : Operation 15 [1/1] (1.62ns)   --->   "%DataOut_V_33 = call i32 @"_ssdm_op_MemShiftRead.[59 x i32]P"(i32* getelementptr inbounds ([59 x i32]* @layer_in_row_Array_V_3_0_3, i64 0, i64 58), i32 %DataIn_V_assign_5, i1 true)" [firmware/nnet_utils/nnet_conv2d_stream.h:157]   --->   Operation 15 'memshiftread' 'DataOut_V_33' <Predicate = true> <Delay = 1.62> <Core = "ShiftReg">   --->   Core 33 'ShiftReg' <Latency = 0> <II = 1> <Delay = 1.62> <Storage> <Opcode : 'memshiftread' 'load'> <Ports = 1> <Width = 32> <Depth = 59> <ShiftMem>
ST_1 : Operation 16 [1/1] (1.62ns)   --->   "%DataOut_V_34 = call i32 @"_ssdm_op_MemShiftRead.[59 x i32]P"(i32* getelementptr inbounds ([59 x i32]* @layer_in_row_Array_V_3_1_3, i64 0, i64 58), i32 %DataOut_V_33, i1 true)" [firmware/nnet_utils/nnet_conv2d_stream.h:157]   --->   Operation 16 'memshiftread' 'DataOut_V_34' <Predicate = true> <Delay = 1.62> <Core = "ShiftReg">   --->   Core 33 'ShiftReg' <Latency = 0> <II = 1> <Delay = 1.62> <Storage> <Opcode : 'memshiftread' 'load'> <Ports = 1> <Width = 32> <Depth = 59> <ShiftMem>
ST_1 : Operation 17 [1/1] (0.00ns)   --->   "%tmp = call i512 @_ssdm_op_PartSelect.i512.i3200.i32.i32(i3200 %output_V_read_3, i32 2688, i32 3199)" [firmware/nnet_utils/nnet_conv2d_stream.h:134->firmware/nnet_utils/nnet_conv2d_stream.h:161]   --->   Operation 17 'partselect' 'tmp' <Predicate = true> <Delay = 0.00>
ST_1 : Operation 18 [1/1] (0.00ns)   --->   "%tmp_4 = call i512 @_ssdm_op_PartSelect.i512.i3200.i32.i32(i3200 %output_V_read_3, i32 2048, i32 2559)" [firmware/nnet_utils/nnet_conv2d_stream.h:134->firmware/nnet_utils/nnet_conv2d_stream.h:161]   --->   Operation 18 'partselect' 'tmp_4' <Predicate = true> <Delay = 0.00>
ST_1 : Operation 19 [1/1] (0.00ns)   --->   "%tmp_5 = call i512 @_ssdm_op_PartSelect.i512.i3200.i32.i32(i3200 %output_V_read_3, i32 1408, i32 1919)" [firmware/nnet_utils/nnet_conv2d_stream.h:134->firmware/nnet_utils/nnet_conv2d_stream.h:161]   --->   Operation 19 'partselect' 'tmp_5' <Predicate = true> <Delay = 0.00>
ST_1 : Operation 20 [1/1] (0.00ns)   --->   "%tmp_6 = call i512 @_ssdm_op_PartSelect.i512.i3200.i32.i32(i3200 %output_V_read_3, i32 768, i32 1279)" [firmware/nnet_utils/nnet_conv2d_stream.h:134->firmware/nnet_utils/nnet_conv2d_stream.h:161]   --->   Operation 20 'partselect' 'tmp_6' <Predicate = true> <Delay = 0.00>
ST_1 : Operation 21 [1/1] (0.00ns)   --->   "%tmp_7 = call i512 @_ssdm_op_PartSelect.i512.i3200.i32.i32(i3200 %output_V_read_3, i32 128, i32 639)" [firmware/nnet_utils/nnet_conv2d_stream.h:134->firmware/nnet_utils/nnet_conv2d_stream.h:161]   --->   Operation 21 'partselect' 'tmp_7' <Predicate = true> <Delay = 0.00>

State 2 <SV = 1> <Delay = 3.25>
ST_2 : Operation 22 [1/1] (0.00ns)   --->   "call void (...)* @_ssdm_op_SpecPipeline(i32 -1, i32 1, i32 1, i32 0, [1 x i8]* @p_str11) nounwind" [firmware/nnet_utils/nnet_conv2d_stream.h:145]   --->   Operation 22 'specpipeline' <Predicate = true> <Delay = 0.00>
ST_2 : Operation 23 [1/1] (1.62ns)   --->   "%DataOut_V_24 = call i32 @"_ssdm_op_MemShiftRead.[59 x i32]P"(i32* getelementptr inbounds ([59 x i32]* @layer_in_row_Array_V_3_2_0, i64 0, i64 58), i32 %DataOut_V_23, i1 true)" [firmware/nnet_utils/nnet_conv2d_stream.h:157]   --->   Operation 23 'memshiftread' 'DataOut_V_24' <Predicate = true> <Delay = 1.62> <Core = "ShiftReg">   --->   Core 33 'ShiftReg' <Latency = 0> <II = 1> <Delay = 1.62> <Storage> <Opcode : 'memshiftread' 'load'> <Ports = 1> <Width = 32> <Depth = 59> <ShiftMem>
ST_2 : Operation 24 [1/1] (1.62ns)   --->   "%DataOut_V = call i32 @"_ssdm_op_MemShiftRead.[59 x i32]P"(i32* getelementptr inbounds ([59 x i32]* @layer_in_row_Array_V_3_3_0, i64 0, i64 58), i32 %DataOut_V_24, i1 true)" [firmware/nnet_utils/nnet_conv2d_stream.h:157]   --->   Operation 24 'memshiftread' 'DataOut_V' <Predicate = true> <Delay = 1.62> <Core = "ShiftReg">   --->   Core 33 'ShiftReg' <Latency = 0> <II = 1> <Delay = 1.62> <Storage> <Opcode : 'memshiftread' 'load'> <Ports = 1> <Width = 32> <Depth = 59> <ShiftMem>
ST_2 : Operation 25 [1/1] (1.62ns)   --->   "%DataOut_V_27 = call i32 @"_ssdm_op_MemShiftRead.[59 x i32]P"(i32* getelementptr inbounds ([59 x i32]* @layer_in_row_Array_V_3_2_1, i64 0, i64 58), i32 %DataOut_V_26, i1 true)" [firmware/nnet_utils/nnet_conv2d_stream.h:157]   --->   Operation 25 'memshiftread' 'DataOut_V_27' <Predicate = true> <Delay = 1.62> <Core = "ShiftReg">   --->   Core 33 'ShiftReg' <Latency = 0> <II = 1> <Delay = 1.62> <Storage> <Opcode : 'memshiftread' 'load'> <Ports = 1> <Width = 32> <Depth = 59> <ShiftMem>
ST_2 : Operation 26 [1/1] (1.62ns)   --->   "%DataOut_V_28 = call i32 @"_ssdm_op_MemShiftRead.[59 x i32]P"(i32* getelementptr inbounds ([59 x i32]* @layer_in_row_Array_V_3_3_1, i64 0, i64 58), i32 %DataOut_V_27, i1 true)" [firmware/nnet_utils/nnet_conv2d_stream.h:157]   --->   Operation 26 'memshiftread' 'DataOut_V_28' <Predicate = true> <Delay = 1.62> <Core = "ShiftReg">   --->   Core 33 'ShiftReg' <Latency = 0> <II = 1> <Delay = 1.62> <Storage> <Opcode : 'memshiftread' 'load'> <Ports = 1> <Width = 32> <Depth = 59> <ShiftMem>
ST_2 : Operation 27 [1/1] (1.62ns)   --->   "%DataOut_V_31 = call i32 @"_ssdm_op_MemShiftRead.[59 x i32]P"(i32* getelementptr inbounds ([59 x i32]* @layer_in_row_Array_V_3_2_2, i64 0, i64 58), i32 %DataOut_V_30, i1 true)" [firmware/nnet_utils/nnet_conv2d_stream.h:157]   --->   Operation 27 'memshiftread' 'DataOut_V_31' <Predicate = true> <Delay = 1.62> <Core = "ShiftReg">   --->   Core 33 'ShiftReg' <Latency = 0> <II = 1> <Delay = 1.62> <Storage> <Opcode : 'memshiftread' 'load'> <Ports = 1> <Width = 32> <Depth = 59> <ShiftMem>
ST_2 : Operation 28 [1/1] (1.62ns)   --->   "%DataOut_V_32 = call i32 @"_ssdm_op_MemShiftRead.[59 x i32]P"(i32* getelementptr inbounds ([59 x i32]* @layer_in_row_Array_V_3_3_2, i64 0, i64 58), i32 %DataOut_V_31, i1 true)" [firmware/nnet_utils/nnet_conv2d_stream.h:157]   --->   Operation 28 'memshiftread' 'DataOut_V_32' <Predicate = true> <Delay = 1.62> <Core = "ShiftReg">   --->   Core 33 'ShiftReg' <Latency = 0> <II = 1> <Delay = 1.62> <Storage> <Opcode : 'memshiftread' 'load'> <Ports = 1> <Width = 32> <Depth = 59> <ShiftMem>
ST_2 : Operation 29 [1/1] (1.62ns)   --->   "%DataOut_V_35 = call i32 @"_ssdm_op_MemShiftRead.[59 x i32]P"(i32* getelementptr inbounds ([59 x i32]* @layer_in_row_Array_V_3_2_3, i64 0, i64 58), i32 %DataOut_V_34, i1 true)" [firmware/nnet_utils/nnet_conv2d_stream.h:157]   --->   Operation 29 'memshiftread' 'DataOut_V_35' <Predicate = true> <Delay = 1.62> <Core = "ShiftReg">   --->   Core 33 'ShiftReg' <Latency = 0> <II = 1> <Delay = 1.62> <Storage> <Opcode : 'memshiftread' 'load'> <Ports = 1> <Width = 32> <Depth = 59> <ShiftMem>
ST_2 : Operation 30 [1/1] (1.62ns)   --->   "%DataOut_V36 = call i32 @"_ssdm_op_MemShiftRead.[59 x i32]P"(i32* getelementptr inbounds ([59 x i32]* @layer_in_row_Array_V_3_3_3, i64 0, i64 58), i32 %DataOut_V_35, i1 true)" [firmware/nnet_utils/nnet_conv2d_stream.h:157]   --->   Operation 30 'memshiftread' 'DataOut_V36' <Predicate = true> <Delay = 1.62> <Core = "ShiftReg">   --->   Core 33 'ShiftReg' <Latency = 0> <II = 1> <Delay = 1.62> <Storage> <Opcode : 'memshiftread' 'load'> <Ports = 1> <Width = 32> <Depth = 59> <ShiftMem>
ST_2 : Operation 31 [1/1] (0.00ns)   --->   "%output_V_write_assign = call i3200 @_ssdm_op_BitConcatenate.i3200.i128.i512.i32.i32.i32.i32.i512.i32.i32.i32.i32.i512.i32.i32.i32.i32.i512.i32.i32.i32.i32.i512(i128 %data_V_read_2, i512 %tmp, i32 %DataOut_V_33, i32 %DataOut_V_29, i32 %DataOut_V_25, i32 %DataOut_V_22, i512 %tmp_4, i32 %DataOut_V_34, i32 %DataOut_V_30, i32 %DataOut_V_26, i32 %DataOut_V_23, i512 %tmp_5, i32 %DataOut_V_35, i32 %DataOut_V_31, i32 %DataOut_V_27, i32 %DataOut_V_24, i512 %tmp_6, i32 %DataOut_V36, i32 %DataOut_V_32, i32 %DataOut_V_28, i32 %DataOut_V, i512 %tmp_7)" [firmware/nnet_utils/nnet_conv2d_stream.h:134->firmware/nnet_utils/nnet_conv2d_stream.h:161]   --->   Operation 31 'bitconcatenate' 'output_V_write_assign' <Predicate = true> <Delay = 0.00>
ST_2 : Operation 32 [1/1] (0.00ns)   --->   "ret i3200 %output_V_write_assign" [firmware/nnet_utils/nnet_conv2d_stream.h:162]   --->   Operation 32 'ret' <Predicate = true> <Delay = 0.00>


============================================================
+ Verbose Summary: Timing violations
============================================================
Target clock period: 5ns, clock uncertainty: 0.625ns.

 <State 1>: 3.26ns
The critical path consists of the following:
	wire read on port 'data_V_read' (firmware/nnet_utils/nnet_conv2d_stream.h:141) [4]  (0 ns)
	'memshiftread' operation ('DataOut.V', firmware/nnet_utils/nnet_conv2d_stream.h:157) [7]  (1.63 ns)
	'memshiftread' operation ('DataOut.V', firmware/nnet_utils/nnet_conv2d_stream.h:157) [8]  (1.63 ns)

 <State 2>: 3.26ns
The critical path consists of the following:
	'memshiftread' operation ('DataOut.V', firmware/nnet_utils/nnet_conv2d_stream.h:157) [9]  (1.63 ns)
	'memshiftread' operation ('DataOut.V', firmware/nnet_utils/nnet_conv2d_stream.h:157) [10]  (1.63 ns)


============================================================
+ Verbose Summary: Binding
============================================================
N/A
* FSMD analyzer results:
  - Output states:
 - Input state : 
  - Chain level:
	State 1
	State 2


============================================================
+ Verbose Summary: Datapath Resource usage 
============================================================
N/A
