

================================================================
== Vivado HLS Report for 'conv_2d_cl_me_ap_fixed_ap_fixed_32_16_5_3_0_config4_s'
================================================================
* Date:           Wed Jun 15 23:30:05 2022

* Version:        2019.2.1 (Build 2724168 on Thu Dec 05 05:19:09 MST 2019)
* Project:        myproject_prj
* Solution:       solution1
* Product family: zynq
* Target device:  xc7z020-clg400-1


================================================================
== Performance Estimates
================================================================
+ Timing: 
    * Summary: 
    +--------+---------+----------+------------+
    |  Clock |  Target | Estimated| Uncertainty|
    +--------+---------+----------+------------+
    |ap_clk  | 5.00 ns | 4.429 ns |   0.62 ns  |
    +--------+---------+----------+------------+

+ Latency: 
    * Summary: 
    +---------+---------+----------+-----------+-------+---------+---------+
    |  Latency (cycles) |  Latency (absolute)  |     Interval    | Pipeline|
    |   min   |   max   |    min   |    max    |  min  |   max   |   Type  |
    +---------+---------+----------+-----------+-------+---------+---------+
    |    28320|  2885100| 0.142 ms | 14.425 ms |  28320|  2885100|   none  |
    +---------+---------+----------+-----------+-------+---------+---------+

    + Detail: 
        * Instance: 
        N/A

        * Loop: 
        +--------------+---------+---------+----------+-----------+-----------+------+----------+
        |              |  Latency (cycles) | Iteration|  Initiation Interval  | Trip |          |
        |   Loop Name  |   min   |   max   |  Latency |  achieved |   target  | Count| Pipelined|
        +--------------+---------+---------+----------+-----------+-----------+------+----------+
        |- Loop 1      |    28319|  2885099|  8 ~ 815 |          -|          -|  3540|    no    |
        | + ReuseLoop  |      799|      799|         1|          1|          1|   800|    yes   |
        +--------------+---------+---------+----------+-----------+-----------+------+----------+

============================================================
+ Verbose Summary: Synthesis Manager
============================================================
InlineROM: 1
ExposeGlobal: 0
============================================================
+ Verbose Summary: CDFG Model
============================================================
IsTopModel: 0
ResetActiveHigh: 1
IsCombinational: 2
IsDatapathOnly: 0
HasWiredReturn: 1
HasMFsm: 0
HasVarLatency: 1
IsPipeline: 0
IsRtlPipelined: 0
IsInstanceOverlapped: 0
IsDontTouch: 0
HasImplIP: 0
IsGatedGlobalClock: 0

+ Individual pipeline summary: 
  * Pipeline-0: initiation interval (II) = 1, depth = 1


============================================================
+ Verbose Summary: Schedule
============================================================
* Number of FSM states : 17
* Pipeline : 1
  Pipeline-0 : II = 1, D = 1, States = { 8 }
* Dataflow Pipeline: 0

* FSM state transitions: 
1 --> 2 
2 --> 3 
3 --> 4 
4 --> 5 
5 --> 6 
6 --> 7 
7 --> 16 8 
8 --> 9 8 
9 --> 10 
10 --> 11 
11 --> 12 
12 --> 13 
13 --> 14 
14 --> 15 
15 --> 16 
16 --> 17 
17 --> 2 

* FSM state operations: 

State 1 <SV = 0> <Delay = 1.76>
ST_1 : Operation 18 [1/1] (0.00ns)   --->   "call void (...)* @_ssdm_op_SpecInterface(i32* %res_V_V, [8 x i8]* @ap_fifo_str, i32 0, i32 0, [1 x i8]* @p_str, i32 0, i32 0, [1 x i8]* @p_str, [1 x i8]* @p_str, [1 x i8]* @p_str, i32 2, i32 2, i32 16, i32 16, [1 x i8]* @p_str, [1 x i8]* @p_str)"   --->   Operation 18 'specinterface' <Predicate = true> <Delay = 0.00>
ST_1 : Operation 19 [1/1] (0.00ns)   --->   "call void (...)* @_ssdm_op_SpecInterface(i32* %data_V_V, [8 x i8]* @ap_fifo_str, i32 0, i32 0, [1 x i8]* @p_str, i32 0, i32 0, [1 x i8]* @p_str, [1 x i8]* @p_str, [1 x i8]* @p_str, i32 2, i32 2, i32 16, i32 16, [1 x i8]* @p_str, [1 x i8]* @p_str)"   --->   Operation 19 'specinterface' <Predicate = true> <Delay = 0.00>
ST_1 : Operation 20 [1/1] (0.00ns)   --->   "%empty = call i32 (...)* @_ssdm_op_SpecLoopTripCount(i64 3540, i64 3540, i64 3540)"   --->   Operation 20 'speclooptripcount' 'empty' <Predicate = true> <Delay = 0.00>
ST_1 : Operation 21 [1/1] (1.76ns)   --->   "br label %.preheader.i.0" [firmware/nnet_utils/nnet_conv2d_stream.h:206->firmware/nnet_utils/nnet_conv2d_stream.h:267]   --->   Operation 21 'br' <Predicate = true> <Delay = 1.76>

State 2 <SV = 1> <Delay = 2.18>
ST_2 : Operation 22 [1/1] (2.18ns)   --->   "%tmp_V = call i32 @_ssdm_op_Read.ap_fifo.volatile.i32P(i32* %data_V_V)" [firmware/nnet_utils/nnet_conv2d_stream.h:210->firmware/nnet_utils/nnet_conv2d_stream.h:267]   --->   Operation 22 'read' 'tmp_V' <Predicate = true> <Delay = 2.18> <Core = "FIFO">   --->   Core 32 'FIFO' <Latency = 0> <II = 1> <Delay = 3.63> <Storage> <Opcode : 'read' 'write' 'nbread' 'nbwrite'> <Ports = 0> <Width = 32> <Depth = 3> <FIFO>

State 3 <SV = 2> <Delay = 2.18>
ST_3 : Operation 23 [1/1] (2.18ns)   --->   "%tmp_V_130 = call i32 @_ssdm_op_Read.ap_fifo.volatile.i32P(i32* %data_V_V)" [firmware/nnet_utils/nnet_conv2d_stream.h:210->firmware/nnet_utils/nnet_conv2d_stream.h:267]   --->   Operation 23 'read' 'tmp_V_130' <Predicate = true> <Delay = 2.18> <Core = "FIFO">   --->   Core 32 'FIFO' <Latency = 0> <II = 1> <Delay = 3.63> <Storage> <Opcode : 'read' 'write' 'nbread' 'nbwrite'> <Ports = 0> <Width = 32> <Depth = 3> <FIFO>

State 4 <SV = 3> <Delay = 2.18>
ST_4 : Operation 24 [1/1] (2.18ns)   --->   "%tmp_V_131 = call i32 @_ssdm_op_Read.ap_fifo.volatile.i32P(i32* %data_V_V)" [firmware/nnet_utils/nnet_conv2d_stream.h:210->firmware/nnet_utils/nnet_conv2d_stream.h:267]   --->   Operation 24 'read' 'tmp_V_131' <Predicate = true> <Delay = 2.18> <Core = "FIFO">   --->   Core 32 'FIFO' <Latency = 0> <II = 1> <Delay = 3.63> <Storage> <Opcode : 'read' 'write' 'nbread' 'nbwrite'> <Ports = 0> <Width = 32> <Depth = 3> <FIFO>

State 5 <SV = 4> <Delay = 2.18>
ST_5 : Operation 25 [1/1] (2.18ns)   --->   "%tmp_V_132 = call i32 @_ssdm_op_Read.ap_fifo.volatile.i32P(i32* %data_V_V)" [firmware/nnet_utils/nnet_conv2d_stream.h:210->firmware/nnet_utils/nnet_conv2d_stream.h:267]   --->   Operation 25 'read' 'tmp_V_132' <Predicate = true> <Delay = 2.18> <Core = "FIFO">   --->   Core 32 'FIFO' <Latency = 0> <II = 1> <Delay = 3.63> <Storage> <Opcode : 'read' 'write' 'nbread' 'nbwrite'> <Ports = 0> <Width = 32> <Depth = 3> <FIFO>

State 6 <SV = 5> <Delay = 3.25>
ST_6 : Operation 26 [1/1] (0.00ns)   --->   "%tmpdata_V = call i128 @_ssdm_op_BitConcatenate.i128.i32.i32.i32.i32(i32 %tmp_V_132, i32 %tmp_V_131, i32 %tmp_V_130, i32 %tmp_V)" [firmware/nnet_utils/nnet_conv2d_stream.h:210->firmware/nnet_utils/nnet_conv2d_stream.h:267]   --->   Operation 26 'bitconcatenate' 'tmpdata_V' <Predicate = true> <Delay = 0.00>
ST_6 : Operation 27 [1/1] (0.00ns)   --->   "%layer_in_V_21_load = load i3200* @layer_in_V_21, align 16"   --->   Operation 27 'load' 'layer_in_V_21_load' <Predicate = true> <Delay = 0.00>
ST_6 : Operation 28 [2/2] (3.25ns)   --->   "%call_ret = call fastcc i3200 @"cnnshift_arr<ap_fixed,ap_fixed<32,16,5,3,0>,config4>"(i128 %tmpdata_V, i3200 %layer_in_V_21_load)" [firmware/nnet_utils/nnet_conv2d_stream.h:210->firmware/nnet_utils/nnet_conv2d_stream.h:267]   --->   Operation 28 'call' 'call_ret' <Predicate = true> <Delay = 3.25> <CoreType = "Generic">   --->   Core 0 '' <Latency = 0> <II = 1> <Delay = 1.00> <Generic> <Opcode : >

State 7 <SV = 6> <Delay = 4.42>
ST_7 : Operation 29 [1/1] (0.00ns)   --->   "%i_0_i18 = phi i12 [ 0, %codeRepl ], [ %i, %5 ]"   --->   Operation 29 'phi' 'i_0_i18' <Predicate = true> <Delay = 0.00>
ST_7 : Operation 30 [1/2] (3.25ns)   --->   "%call_ret = call fastcc i3200 @"cnnshift_arr<ap_fixed,ap_fixed<32,16,5,3,0>,config4>"(i128 %tmpdata_V, i3200 %layer_in_V_21_load)" [firmware/nnet_utils/nnet_conv2d_stream.h:210->firmware/nnet_utils/nnet_conv2d_stream.h:267]   --->   Operation 30 'call' 'call_ret' <Predicate = true> <Delay = 3.25> <CoreType = "Generic">   --->   Core 0 '' <Latency = 0> <II = 1> <Delay = 1.00> <Generic> <Opcode : >
ST_7 : Operation 31 [1/1] (0.00ns)   --->   "store i3200 %call_ret, i3200* @layer_in_V_21, align 16" [firmware/nnet_utils/nnet_conv2d_stream.h:210->firmware/nnet_utils/nnet_conv2d_stream.h:267]   --->   Operation 31 'store' <Predicate = true> <Delay = 0.00>
ST_7 : Operation 32 [1/1] (0.00ns)   --->   "%sX_9_load = load i32* @sX_9, align 4" [firmware/nnet_utils/nnet_conv2d_stream.h:215->firmware/nnet_utils/nnet_conv2d_stream.h:267]   --->   Operation 32 'load' 'sX_9_load' <Predicate = true> <Delay = 0.00>
ST_7 : Operation 33 [1/1] (2.47ns)   --->   "%icmp_ln215 = icmp eq i32 %sX_9_load, 4" [firmware/nnet_utils/nnet_conv2d_stream.h:215->firmware/nnet_utils/nnet_conv2d_stream.h:267]   --->   Operation 33 'icmp' 'icmp_ln215' <Predicate = true> <Delay = 2.47> <Core = "Cmp">   --->   Core 25 'Cmp' <Latency = 0> <II = 1> <Delay = 1.99> <FuncUnit> <Opcode : 'icmp'> <InPorts = 2> <OutPorts = 1>
ST_7 : Operation 34 [1/1] (0.00ns)   --->   "%sY_9_load = load i32* @sY_9, align 4" [firmware/nnet_utils/nnet_conv2d_stream.h:215->firmware/nnet_utils/nnet_conv2d_stream.h:267]   --->   Operation 34 'load' 'sY_9_load' <Predicate = true> <Delay = 0.00>
ST_7 : Operation 35 [1/1] (2.47ns)   --->   "%icmp_ln215_4 = icmp eq i32 %sY_9_load, 4" [firmware/nnet_utils/nnet_conv2d_stream.h:215->firmware/nnet_utils/nnet_conv2d_stream.h:267]   --->   Operation 35 'icmp' 'icmp_ln215_4' <Predicate = true> <Delay = 2.47> <Core = "Cmp">   --->   Core 25 'Cmp' <Latency = 0> <II = 1> <Delay = 1.99> <FuncUnit> <Opcode : 'icmp'> <InPorts = 2> <OutPorts = 1>
ST_7 : Operation 36 [1/1] (0.00ns)   --->   "%pY_9_load = load i32* @pY_9, align 4" [firmware/nnet_utils/nnet_conv2d_stream.h:215->firmware/nnet_utils/nnet_conv2d_stream.h:267]   --->   Operation 36 'load' 'pY_9_load' <Predicate = true> <Delay = 0.00>
ST_7 : Operation 37 [1/1] (0.00ns)   --->   "%tmp_31 = call i30 @_ssdm_op_PartSelect.i30.i32.i32.i32(i32 %pY_9_load, i32 2, i32 31)" [firmware/nnet_utils/nnet_conv2d_stream.h:215->firmware/nnet_utils/nnet_conv2d_stream.h:267]   --->   Operation 37 'partselect' 'tmp_31' <Predicate = true> <Delay = 0.00>
ST_7 : Operation 38 [1/1] (2.46ns)   --->   "%icmp_ln215_5 = icmp sgt i30 %tmp_31, 0" [firmware/nnet_utils/nnet_conv2d_stream.h:215->firmware/nnet_utils/nnet_conv2d_stream.h:267]   --->   Operation 38 'icmp' 'icmp_ln215_5' <Predicate = true> <Delay = 2.46> <Core = "Cmp">   --->   Core 25 'Cmp' <Latency = 0> <II = 1> <Delay = 1.99> <FuncUnit> <Opcode : 'icmp'> <InPorts = 2> <OutPorts = 1>
ST_7 : Operation 39 [1/1] (0.00ns)   --->   "%pX_9_load = load i32* @pX_9, align 4" [firmware/nnet_utils/nnet_conv2d_stream.h:215->firmware/nnet_utils/nnet_conv2d_stream.h:267]   --->   Operation 39 'load' 'pX_9_load' <Predicate = true> <Delay = 0.00>
ST_7 : Operation 40 [1/1] (0.00ns)   --->   "%tmp_32 = call i30 @_ssdm_op_PartSelect.i30.i32.i32.i32(i32 %pX_9_load, i32 2, i32 31)" [firmware/nnet_utils/nnet_conv2d_stream.h:215->firmware/nnet_utils/nnet_conv2d_stream.h:267]   --->   Operation 40 'partselect' 'tmp_32' <Predicate = true> <Delay = 0.00>
ST_7 : Operation 41 [1/1] (2.46ns)   --->   "%icmp_ln215_6 = icmp sgt i30 %tmp_32, 0" [firmware/nnet_utils/nnet_conv2d_stream.h:215->firmware/nnet_utils/nnet_conv2d_stream.h:267]   --->   Operation 41 'icmp' 'icmp_ln215_6' <Predicate = true> <Delay = 2.46> <Core = "Cmp">   --->   Core 25 'Cmp' <Latency = 0> <II = 1> <Delay = 1.99> <FuncUnit> <Opcode : 'icmp'> <InPorts = 2> <OutPorts = 1>
ST_7 : Operation 42 [1/1] (0.00ns) (grouped into LUT with out node and_ln215_4)   --->   "%and_ln215 = and i1 %icmp_ln215, %icmp_ln215_4" [firmware/nnet_utils/nnet_conv2d_stream.h:215->firmware/nnet_utils/nnet_conv2d_stream.h:267]   --->   Operation 42 'and' 'and_ln215' <Predicate = true> <Delay = 0.00> <Core = "LogicGate">   --->   Core 27 'LogicGate' <Latency = 0> <II = 1> <Delay = 0.97> <FuncUnit> <Opcode : 'and' 'or' 'xor'> <InPorts = 2> <OutPorts = 1>
ST_7 : Operation 43 [1/1] (0.00ns) (grouped into LUT with out node and_ln215_4)   --->   "%and_ln215_3 = and i1 %icmp_ln215_5, %icmp_ln215_6" [firmware/nnet_utils/nnet_conv2d_stream.h:215->firmware/nnet_utils/nnet_conv2d_stream.h:267]   --->   Operation 43 'and' 'and_ln215_3' <Predicate = true> <Delay = 0.00> <Core = "LogicGate">   --->   Core 27 'LogicGate' <Latency = 0> <II = 1> <Delay = 0.97> <FuncUnit> <Opcode : 'and' 'or' 'xor'> <InPorts = 2> <OutPorts = 1>
ST_7 : Operation 44 [1/1] (0.97ns) (out node of the LUT)   --->   "%and_ln215_4 = and i1 %and_ln215_3, %and_ln215" [firmware/nnet_utils/nnet_conv2d_stream.h:215->firmware/nnet_utils/nnet_conv2d_stream.h:267]   --->   Operation 44 'and' 'and_ln215_4' <Predicate = true> <Delay = 0.97> <Core = "LogicGate">   --->   Core 27 'LogicGate' <Latency = 0> <II = 1> <Delay = 0.97> <FuncUnit> <Opcode : 'and' 'or' 'xor'> <InPorts = 2> <OutPorts = 1>
ST_7 : Operation 45 [1/1] (1.54ns)   --->   "%i = add i12 %i_0_i18, 1" [firmware/nnet_utils/nnet_conv2d_stream.h:206->firmware/nnet_utils/nnet_conv2d_stream.h:267]   --->   Operation 45 'add' 'i' <Predicate = true> <Delay = 1.54> <Core = "AddSub">   --->   Core 14 'AddSub' <Latency = 0> <II = 1> <Delay = 2.55> <FuncUnit> <Opcode : 'add' 'sub'> <InPorts = 2> <OutPorts = 1>
ST_7 : Operation 46 [1/1] (0.00ns)   --->   "br i1 %and_ln215_4, label %"nnet::dense_large<ap_fixed<32, 16, (ap_q_mode)5, (ap_o_mode)3, 0>, ap_fixed<32, 16, (ap_q_mode)5, (ap_o_mode)3, 0>, config4_mult>.region_begin", label %._crit_edge52.i" [firmware/nnet_utils/nnet_conv2d_stream.h:215->firmware/nnet_utils/nnet_conv2d_stream.h:267]   --->   Operation 46 'br' <Predicate = true> <Delay = 0.00>
ST_7 : Operation 47 [1/1] (0.00ns)   --->   "%rbegin57_i = call i32 (...)* @_ssdm_op_SpecRegionBegin([137 x i8]* @nnet_KD_KD_dense_large_MD_ap_fixed_MD_32_MC_AC_16_MC_AC_1) nounwind" [firmware/nnet_utils/nnet_conv2d_stream.h:222->firmware/nnet_utils/nnet_conv2d_stream.h:267]   --->   Operation 47 'specregionbegin' 'rbegin57_i' <Predicate = (and_ln215_4)> <Delay = 0.00>
ST_7 : Operation 48 [1/1] (1.76ns)   --->   "br label %ReuseLoop_begin" [firmware/nnet_utils/nnet_dense_resource.h:404->firmware/nnet_utils/nnet_dense_resource.h:546->firmware/nnet_utils/nnet_conv2d_stream.h:222->firmware/nnet_utils/nnet_conv2d_stream.h:267]   --->   Operation 48 'br' <Predicate = (and_ln215_4)> <Delay = 1.76>

State 8 <SV = 7> <Delay = 4.24>
ST_8 : Operation 49 [1/1] (0.00ns)   --->   "%ir1_0_i_i_i17 = phi i10 [ 0, %"nnet::dense_large<ap_fixed<32, 16, (ap_q_mode)5, (ap_o_mode)3, 0>, ap_fixed<32, 16, (ap_q_mode)5, (ap_o_mode)3, 0>, config4_mult>.region_begin" ], [ %ir, %ReuseLoop_end ]"   --->   Operation 49 'phi' 'ir1_0_i_i_i17' <Predicate = true> <Delay = 0.00>
ST_8 : Operation 50 [1/1] (0.00ns)   --->   "%tmp_V_13316 = phi i32 [ 0, %"nnet::dense_large<ap_fixed<32, 16, (ap_q_mode)5, (ap_o_mode)3, 0>, ap_fixed<32, 16, (ap_q_mode)5, (ap_o_mode)3, 0>, config4_mult>.region_begin" ], [ %tmp_V_133, %ReuseLoop_end ]"   --->   Operation 50 'phi' 'tmp_V_13316' <Predicate = true> <Delay = 0.00>
ST_8 : Operation 51 [1/1] (0.00ns)   --->   "%tmp_V_13414 = phi i32 [ 0, %"nnet::dense_large<ap_fixed<32, 16, (ap_q_mode)5, (ap_o_mode)3, 0>, ap_fixed<32, 16, (ap_q_mode)5, (ap_o_mode)3, 0>, config4_mult>.region_begin" ], [ %tmp_V_134, %ReuseLoop_end ]"   --->   Operation 51 'phi' 'tmp_V_13414' <Predicate = true> <Delay = 0.00>
ST_8 : Operation 52 [1/1] (0.00ns)   --->   "%tmp_V_13512 = phi i32 [ 0, %"nnet::dense_large<ap_fixed<32, 16, (ap_q_mode)5, (ap_o_mode)3, 0>, ap_fixed<32, 16, (ap_q_mode)5, (ap_o_mode)3, 0>, config4_mult>.region_begin" ], [ %tmp_V_135, %ReuseLoop_end ]"   --->   Operation 52 'phi' 'tmp_V_13512' <Predicate = true> <Delay = 0.00>
ST_8 : Operation 53 [1/1] (0.00ns)   --->   "%tmp_V_13610 = phi i32 [ 0, %"nnet::dense_large<ap_fixed<32, 16, (ap_q_mode)5, (ap_o_mode)3, 0>, ap_fixed<32, 16, (ap_q_mode)5, (ap_o_mode)3, 0>, config4_mult>.region_begin" ], [ %tmp_V_136, %ReuseLoop_end ]"   --->   Operation 53 'phi' 'tmp_V_13610' <Predicate = true> <Delay = 0.00>
ST_8 : Operation 54 [1/1] (0.00ns)   --->   "%tmp_V_1378 = phi i32 [ 0, %"nnet::dense_large<ap_fixed<32, 16, (ap_q_mode)5, (ap_o_mode)3, 0>, ap_fixed<32, 16, (ap_q_mode)5, (ap_o_mode)3, 0>, config4_mult>.region_begin" ], [ %tmp_V_137, %ReuseLoop_end ]"   --->   Operation 54 'phi' 'tmp_V_1378' <Predicate = true> <Delay = 0.00>
ST_8 : Operation 55 [1/1] (0.00ns)   --->   "%tmp_V_1386 = phi i32 [ 0, %"nnet::dense_large<ap_fixed<32, 16, (ap_q_mode)5, (ap_o_mode)3, 0>, ap_fixed<32, 16, (ap_q_mode)5, (ap_o_mode)3, 0>, config4_mult>.region_begin" ], [ %tmp_V_138, %ReuseLoop_end ]"   --->   Operation 55 'phi' 'tmp_V_1386' <Predicate = true> <Delay = 0.00>
ST_8 : Operation 56 [1/1] (0.00ns)   --->   "%tmp_V_1394 = phi i32 [ 0, %"nnet::dense_large<ap_fixed<32, 16, (ap_q_mode)5, (ap_o_mode)3, 0>, ap_fixed<32, 16, (ap_q_mode)5, (ap_o_mode)3, 0>, config4_mult>.region_begin" ], [ %tmp_V_139, %ReuseLoop_end ]"   --->   Operation 56 'phi' 'tmp_V_1394' <Predicate = true> <Delay = 0.00>
ST_8 : Operation 57 [1/1] (0.00ns)   --->   "%tmp_V_1402 = phi i32 [ 0, %"nnet::dense_large<ap_fixed<32, 16, (ap_q_mode)5, (ap_o_mode)3, 0>, ap_fixed<32, 16, (ap_q_mode)5, (ap_o_mode)3, 0>, config4_mult>.region_begin" ], [ %tmp_V_140, %ReuseLoop_end ]"   --->   Operation 57 'phi' 'tmp_V_1402' <Predicate = true> <Delay = 0.00>
ST_8 : Operation 58 [1/1] (0.00ns)   --->   "%phi_mul = phi i20 [ 0, %"nnet::dense_large<ap_fixed<32, 16, (ap_q_mode)5, (ap_o_mode)3, 0>, ap_fixed<32, 16, (ap_q_mode)5, (ap_o_mode)3, 0>, config4_mult>.region_begin" ], [ %add_ln411, %ReuseLoop_end ]" [firmware/nnet_utils/nnet_dense_resource.h:411->firmware/nnet_utils/nnet_dense_resource.h:546->firmware/nnet_utils/nnet_conv2d_stream.h:222->firmware/nnet_utils/nnet_conv2d_stream.h:267]   --->   Operation 58 'phi' 'phi_mul' <Predicate = true> <Delay = 0.00>
ST_8 : Operation 59 [1/1] (0.00ns)   --->   "call void (...)* @_ssdm_op_SpecLoopName([10 x i8]* @p_str110) nounwind" [firmware/nnet_utils/nnet_dense_resource.h:404->firmware/nnet_utils/nnet_dense_resource.h:546->firmware/nnet_utils/nnet_conv2d_stream.h:222->firmware/nnet_utils/nnet_conv2d_stream.h:267]   --->   Operation 59 'specloopname' <Predicate = true> <Delay = 0.00>
ST_8 : Operation 60 [1/1] (0.00ns)   --->   "%tmp = call i32 (...)* @_ssdm_op_SpecRegionBegin([10 x i8]* @p_str110)" [firmware/nnet_utils/nnet_dense_resource.h:404->firmware/nnet_utils/nnet_dense_resource.h:546->firmware/nnet_utils/nnet_conv2d_stream.h:222->firmware/nnet_utils/nnet_conv2d_stream.h:267]   --->   Operation 60 'specregionbegin' 'tmp' <Predicate = true> <Delay = 0.00>
ST_8 : Operation 61 [1/1] (0.00ns)   --->   "call void (...)* @_ssdm_op_SpecPipeline(i32 1, i32 1, i32 1, i32 0, [1 x i8]* @p_str11) nounwind" [firmware/nnet_utils/nnet_dense_resource.h:405->firmware/nnet_utils/nnet_dense_resource.h:546->firmware/nnet_utils/nnet_conv2d_stream.h:222->firmware/nnet_utils/nnet_conv2d_stream.h:267]   --->   Operation 61 'specpipeline' <Predicate = true> <Delay = 0.00>
ST_8 : Operation 62 [1/1] (2.19ns)   --->   "%add_ln411 = add i20 %phi_mul, 1311" [firmware/nnet_utils/nnet_dense_resource.h:411->firmware/nnet_utils/nnet_dense_resource.h:546->firmware/nnet_utils/nnet_conv2d_stream.h:222->firmware/nnet_utils/nnet_conv2d_stream.h:267]   --->   Operation 62 'add' 'add_ln411' <Predicate = true> <Delay = 2.19> <Core = "AddSub">   --->   Core 14 'AddSub' <Latency = 0> <II = 1> <Delay = 2.55> <FuncUnit> <Opcode : 'add' 'sub'> <InPorts = 2> <OutPorts = 1>
ST_8 : Operation 63 [1/1] (0.00ns)   --->   "%trunc_ln = call i3 @_ssdm_op_PartSelect.i3.i20.i32.i32(i20 %phi_mul, i32 17, i32 19)" [firmware/nnet_utils/nnet_dense_resource.h:422->firmware/nnet_utils/nnet_dense_resource.h:546->firmware/nnet_utils/nnet_conv2d_stream.h:222->firmware/nnet_utils/nnet_conv2d_stream.h:267]   --->   Operation 63 'partselect' 'trunc_ln' <Predicate = true> <Delay = 0.00>
ST_8 : Operation 64 [1/1] (2.47ns)   --->   "%acc_0_V = call i32 @_ssdm_op_Mux.ap_auto.8i32.i3(i32 %tmp_V_13316, i32 %tmp_V_13414, i32 %tmp_V_13512, i32 %tmp_V_13610, i32 %tmp_V_1378, i32 %tmp_V_1386, i32 %tmp_V_1394, i32 %tmp_V_1402, i3 %trunc_ln)" [firmware/nnet_utils/nnet_dense_resource.h:422->firmware/nnet_utils/nnet_dense_resource.h:546->firmware/nnet_utils/nnet_conv2d_stream.h:222->firmware/nnet_utils/nnet_conv2d_stream.h:267]   --->   Operation 64 'mux' 'acc_0_V' <Predicate = true> <Delay = 2.47> <Core = "MuxnS">   --->   Core 31 'MuxnS' <Latency = 0> <II = 1> <Delay = 2.47> <FuncUnit> <Opcode : 'mux'> <InPorts = 2> <OutPorts = 1>
ST_8 : Operation 65 [1/1] (1.73ns)   --->   "%ir = add i10 %ir1_0_i_i_i17, 1" [firmware/nnet_utils/nnet_dense_resource.h:404->firmware/nnet_utils/nnet_dense_resource.h:546->firmware/nnet_utils/nnet_conv2d_stream.h:222->firmware/nnet_utils/nnet_conv2d_stream.h:267]   --->   Operation 65 'add' 'ir' <Predicate = true> <Delay = 1.73> <Core = "AddSub">   --->   Core 14 'AddSub' <Latency = 0> <II = 1> <Delay = 2.55> <FuncUnit> <Opcode : 'add' 'sub'> <InPorts = 2> <OutPorts = 1>
ST_8 : Operation 66 [1/1] (1.76ns)   --->   "switch i3 %trunc_ln, label %branch7 [
    i3 0, label %ReuseLoop_end
    i3 1, label %branch1
    i3 2, label %branch2
    i3 3, label %branch3
    i3 -4, label %branch4
    i3 -3, label %branch5
    i3 -2, label %branch6
  ]" [firmware/nnet_utils/nnet_dense_resource.h:422->firmware/nnet_utils/nnet_dense_resource.h:546->firmware/nnet_utils/nnet_conv2d_stream.h:222->firmware/nnet_utils/nnet_conv2d_stream.h:267]   --->   Operation 66 'switch' <Predicate = true> <Delay = 1.76>
ST_8 : Operation 67 [1/1] (1.76ns)   --->   "br label %ReuseLoop_end" [firmware/nnet_utils/nnet_dense_resource.h:422->firmware/nnet_utils/nnet_dense_resource.h:546->firmware/nnet_utils/nnet_conv2d_stream.h:222->firmware/nnet_utils/nnet_conv2d_stream.h:267]   --->   Operation 67 'br' <Predicate = (trunc_ln == 6)> <Delay = 1.76>
ST_8 : Operation 68 [1/1] (1.76ns)   --->   "br label %ReuseLoop_end" [firmware/nnet_utils/nnet_dense_resource.h:422->firmware/nnet_utils/nnet_dense_resource.h:546->firmware/nnet_utils/nnet_conv2d_stream.h:222->firmware/nnet_utils/nnet_conv2d_stream.h:267]   --->   Operation 68 'br' <Predicate = (trunc_ln == 5)> <Delay = 1.76>
ST_8 : Operation 69 [1/1] (1.76ns)   --->   "br label %ReuseLoop_end" [firmware/nnet_utils/nnet_dense_resource.h:422->firmware/nnet_utils/nnet_dense_resource.h:546->firmware/nnet_utils/nnet_conv2d_stream.h:222->firmware/nnet_utils/nnet_conv2d_stream.h:267]   --->   Operation 69 'br' <Predicate = (trunc_ln == 4)> <Delay = 1.76>
ST_8 : Operation 70 [1/1] (1.76ns)   --->   "br label %ReuseLoop_end" [firmware/nnet_utils/nnet_dense_resource.h:422->firmware/nnet_utils/nnet_dense_resource.h:546->firmware/nnet_utils/nnet_conv2d_stream.h:222->firmware/nnet_utils/nnet_conv2d_stream.h:267]   --->   Operation 70 'br' <Predicate = (trunc_ln == 3)> <Delay = 1.76>
ST_8 : Operation 71 [1/1] (1.76ns)   --->   "br label %ReuseLoop_end" [firmware/nnet_utils/nnet_dense_resource.h:422->firmware/nnet_utils/nnet_dense_resource.h:546->firmware/nnet_utils/nnet_conv2d_stream.h:222->firmware/nnet_utils/nnet_conv2d_stream.h:267]   --->   Operation 71 'br' <Predicate = (trunc_ln == 2)> <Delay = 1.76>
ST_8 : Operation 72 [1/1] (1.76ns)   --->   "br label %ReuseLoop_end" [firmware/nnet_utils/nnet_dense_resource.h:422->firmware/nnet_utils/nnet_dense_resource.h:546->firmware/nnet_utils/nnet_conv2d_stream.h:222->firmware/nnet_utils/nnet_conv2d_stream.h:267]   --->   Operation 72 'br' <Predicate = (trunc_ln == 1)> <Delay = 1.76>
ST_8 : Operation 73 [1/1] (1.76ns)   --->   "br label %ReuseLoop_end" [firmware/nnet_utils/nnet_dense_resource.h:422->firmware/nnet_utils/nnet_dense_resource.h:546->firmware/nnet_utils/nnet_conv2d_stream.h:222->firmware/nnet_utils/nnet_conv2d_stream.h:267]   --->   Operation 73 'br' <Predicate = (trunc_ln == 7)> <Delay = 1.76>
ST_8 : Operation 74 [1/1] (0.00ns)   --->   "%tmp_V_140 = phi i32 [ %acc_0_V, %branch7 ], [ %tmp_V_1402, %branch6 ], [ %tmp_V_1402, %branch5 ], [ %tmp_V_1402, %branch4 ], [ %tmp_V_1402, %branch3 ], [ %tmp_V_1402, %branch2 ], [ %tmp_V_1402, %branch1 ], [ %tmp_V_1402, %ReuseLoop_begin ]"   --->   Operation 74 'phi' 'tmp_V_140' <Predicate = true> <Delay = 0.00>
ST_8 : Operation 75 [1/1] (0.00ns)   --->   "%tmp_V_139 = phi i32 [ %tmp_V_1394, %branch7 ], [ %acc_0_V, %branch6 ], [ %tmp_V_1394, %branch5 ], [ %tmp_V_1394, %branch4 ], [ %tmp_V_1394, %branch3 ], [ %tmp_V_1394, %branch2 ], [ %tmp_V_1394, %branch1 ], [ %tmp_V_1394, %ReuseLoop_begin ]"   --->   Operation 75 'phi' 'tmp_V_139' <Predicate = true> <Delay = 0.00>
ST_8 : Operation 76 [1/1] (0.00ns)   --->   "%tmp_V_138 = phi i32 [ %tmp_V_1386, %branch7 ], [ %tmp_V_1386, %branch6 ], [ %acc_0_V, %branch5 ], [ %tmp_V_1386, %branch4 ], [ %tmp_V_1386, %branch3 ], [ %tmp_V_1386, %branch2 ], [ %tmp_V_1386, %branch1 ], [ %tmp_V_1386, %ReuseLoop_begin ]"   --->   Operation 76 'phi' 'tmp_V_138' <Predicate = true> <Delay = 0.00>
ST_8 : Operation 77 [1/1] (0.00ns)   --->   "%tmp_V_137 = phi i32 [ %tmp_V_1378, %branch7 ], [ %tmp_V_1378, %branch6 ], [ %tmp_V_1378, %branch5 ], [ %acc_0_V, %branch4 ], [ %tmp_V_1378, %branch3 ], [ %tmp_V_1378, %branch2 ], [ %tmp_V_1378, %branch1 ], [ %tmp_V_1378, %ReuseLoop_begin ]"   --->   Operation 77 'phi' 'tmp_V_137' <Predicate = true> <Delay = 0.00>
ST_8 : Operation 78 [1/1] (0.00ns)   --->   "%tmp_V_136 = phi i32 [ %tmp_V_13610, %branch7 ], [ %tmp_V_13610, %branch6 ], [ %tmp_V_13610, %branch5 ], [ %tmp_V_13610, %branch4 ], [ %acc_0_V, %branch3 ], [ %tmp_V_13610, %branch2 ], [ %tmp_V_13610, %branch1 ], [ %tmp_V_13610, %ReuseLoop_begin ]"   --->   Operation 78 'phi' 'tmp_V_136' <Predicate = true> <Delay = 0.00>
ST_8 : Operation 79 [1/1] (0.00ns)   --->   "%tmp_V_135 = phi i32 [ %tmp_V_13512, %branch7 ], [ %tmp_V_13512, %branch6 ], [ %tmp_V_13512, %branch5 ], [ %tmp_V_13512, %branch4 ], [ %tmp_V_13512, %branch3 ], [ %acc_0_V, %branch2 ], [ %tmp_V_13512, %branch1 ], [ %tmp_V_13512, %ReuseLoop_begin ]"   --->   Operation 79 'phi' 'tmp_V_135' <Predicate = true> <Delay = 0.00>
ST_8 : Operation 80 [1/1] (0.00ns)   --->   "%tmp_V_134 = phi i32 [ %tmp_V_13414, %branch7 ], [ %tmp_V_13414, %branch6 ], [ %tmp_V_13414, %branch5 ], [ %tmp_V_13414, %branch4 ], [ %tmp_V_13414, %branch3 ], [ %tmp_V_13414, %branch2 ], [ %acc_0_V, %branch1 ], [ %tmp_V_13414, %ReuseLoop_begin ]"   --->   Operation 80 'phi' 'tmp_V_134' <Predicate = true> <Delay = 0.00>
ST_8 : Operation 81 [1/1] (0.00ns)   --->   "%tmp_V_133 = phi i32 [ %tmp_V_13316, %branch7 ], [ %tmp_V_13316, %branch6 ], [ %tmp_V_13316, %branch5 ], [ %tmp_V_13316, %branch4 ], [ %tmp_V_13316, %branch3 ], [ %tmp_V_13316, %branch2 ], [ %tmp_V_13316, %branch1 ], [ %acc_0_V, %ReuseLoop_begin ]"   --->   Operation 81 'phi' 'tmp_V_133' <Predicate = true> <Delay = 0.00>
ST_8 : Operation 82 [1/1] (0.00ns)   --->   "%empty_270 = call i32 (...)* @_ssdm_op_SpecRegionEnd([10 x i8]* @p_str110, i32 %tmp)" [firmware/nnet_utils/nnet_dense_resource.h:434->firmware/nnet_utils/nnet_dense_resource.h:546->firmware/nnet_utils/nnet_conv2d_stream.h:222->firmware/nnet_utils/nnet_conv2d_stream.h:267]   --->   Operation 82 'specregionend' 'empty_270' <Predicate = true> <Delay = 0.00>
ST_8 : Operation 83 [1/1] (1.77ns)   --->   "%icmp_ln404 = icmp eq i10 %ir1_0_i_i_i17, -225" [firmware/nnet_utils/nnet_dense_resource.h:404->firmware/nnet_utils/nnet_dense_resource.h:546->firmware/nnet_utils/nnet_conv2d_stream.h:222->firmware/nnet_utils/nnet_conv2d_stream.h:267]   --->   Operation 83 'icmp' 'icmp_ln404' <Predicate = true> <Delay = 1.77> <Core = "Cmp">   --->   Core 25 'Cmp' <Latency = 0> <II = 1> <Delay = 1.99> <FuncUnit> <Opcode : 'icmp'> <InPorts = 2> <OutPorts = 1>
ST_8 : Operation 84 [1/1] (0.00ns)   --->   "%empty_271 = call i32 (...)* @_ssdm_op_SpecLoopTripCount(i64 800, i64 800, i64 800)"   --->   Operation 84 'speclooptripcount' 'empty_271' <Predicate = true> <Delay = 0.00>
ST_8 : Operation 85 [1/1] (0.00ns)   --->   "br i1 %icmp_ln404, label %"nnet::dense_large<ap_fixed<32, 16, (ap_q_mode)5, (ap_o_mode)3, 0>, ap_fixed<32, 16, (ap_q_mode)5, (ap_o_mode)3, 0>, config4_mult>.region_end", label %ReuseLoop_begin" [firmware/nnet_utils/nnet_dense_resource.h:404->firmware/nnet_utils/nnet_dense_resource.h:546->firmware/nnet_utils/nnet_conv2d_stream.h:222->firmware/nnet_utils/nnet_conv2d_stream.h:267]   --->   Operation 85 'br' <Predicate = true> <Delay = 0.00>

State 9 <SV = 8> <Delay = 2.18>
ST_9 : Operation 86 [1/1] (2.18ns)   --->   "call void @_ssdm_op_Write.ap_fifo.volatile.i32P(i32* %res_V_V, i32 %tmp_V_133)" [firmware/nnet_utils/nnet_conv2d_stream.h:229->firmware/nnet_utils/nnet_conv2d_stream.h:267]   --->   Operation 86 'write' <Predicate = true> <Delay = 2.18> <Core = "FIFO">   --->   Core 32 'FIFO' <Latency = 0> <II = 1> <Delay = 3.63> <Storage> <Opcode : 'read' 'write' 'nbread' 'nbwrite'> <Ports = 0> <Width = 32> <Depth = 3> <FIFO>

State 10 <SV = 9> <Delay = 2.18>
ST_10 : Operation 87 [1/1] (2.18ns)   --->   "call void @_ssdm_op_Write.ap_fifo.volatile.i32P(i32* %res_V_V, i32 %tmp_V_134)" [firmware/nnet_utils/nnet_conv2d_stream.h:229->firmware/nnet_utils/nnet_conv2d_stream.h:267]   --->   Operation 87 'write' <Predicate = true> <Delay = 2.18> <Core = "FIFO">   --->   Core 32 'FIFO' <Latency = 0> <II = 1> <Delay = 3.63> <Storage> <Opcode : 'read' 'write' 'nbread' 'nbwrite'> <Ports = 0> <Width = 32> <Depth = 3> <FIFO>

State 11 <SV = 10> <Delay = 2.18>
ST_11 : Operation 88 [1/1] (2.18ns)   --->   "call void @_ssdm_op_Write.ap_fifo.volatile.i32P(i32* %res_V_V, i32 %tmp_V_135)" [firmware/nnet_utils/nnet_conv2d_stream.h:229->firmware/nnet_utils/nnet_conv2d_stream.h:267]   --->   Operation 88 'write' <Predicate = true> <Delay = 2.18> <Core = "FIFO">   --->   Core 32 'FIFO' <Latency = 0> <II = 1> <Delay = 3.63> <Storage> <Opcode : 'read' 'write' 'nbread' 'nbwrite'> <Ports = 0> <Width = 32> <Depth = 3> <FIFO>

State 12 <SV = 11> <Delay = 2.18>
ST_12 : Operation 89 [1/1] (2.18ns)   --->   "call void @_ssdm_op_Write.ap_fifo.volatile.i32P(i32* %res_V_V, i32 %tmp_V_136)" [firmware/nnet_utils/nnet_conv2d_stream.h:229->firmware/nnet_utils/nnet_conv2d_stream.h:267]   --->   Operation 89 'write' <Predicate = true> <Delay = 2.18> <Core = "FIFO">   --->   Core 32 'FIFO' <Latency = 0> <II = 1> <Delay = 3.63> <Storage> <Opcode : 'read' 'write' 'nbread' 'nbwrite'> <Ports = 0> <Width = 32> <Depth = 3> <FIFO>

State 13 <SV = 12> <Delay = 2.18>
ST_13 : Operation 90 [1/1] (2.18ns)   --->   "call void @_ssdm_op_Write.ap_fifo.volatile.i32P(i32* %res_V_V, i32 %tmp_V_137)" [firmware/nnet_utils/nnet_conv2d_stream.h:229->firmware/nnet_utils/nnet_conv2d_stream.h:267]   --->   Operation 90 'write' <Predicate = true> <Delay = 2.18> <Core = "FIFO">   --->   Core 32 'FIFO' <Latency = 0> <II = 1> <Delay = 3.63> <Storage> <Opcode : 'read' 'write' 'nbread' 'nbwrite'> <Ports = 0> <Width = 32> <Depth = 3> <FIFO>

State 14 <SV = 13> <Delay = 2.18>
ST_14 : Operation 91 [1/1] (2.18ns)   --->   "call void @_ssdm_op_Write.ap_fifo.volatile.i32P(i32* %res_V_V, i32 %tmp_V_138)" [firmware/nnet_utils/nnet_conv2d_stream.h:229->firmware/nnet_utils/nnet_conv2d_stream.h:267]   --->   Operation 91 'write' <Predicate = true> <Delay = 2.18> <Core = "FIFO">   --->   Core 32 'FIFO' <Latency = 0> <II = 1> <Delay = 3.63> <Storage> <Opcode : 'read' 'write' 'nbread' 'nbwrite'> <Ports = 0> <Width = 32> <Depth = 3> <FIFO>

State 15 <SV = 14> <Delay = 2.18>
ST_15 : Operation 92 [1/1] (2.18ns)   --->   "call void @_ssdm_op_Write.ap_fifo.volatile.i32P(i32* %res_V_V, i32 %tmp_V_139)" [firmware/nnet_utils/nnet_conv2d_stream.h:229->firmware/nnet_utils/nnet_conv2d_stream.h:267]   --->   Operation 92 'write' <Predicate = true> <Delay = 2.18> <Core = "FIFO">   --->   Core 32 'FIFO' <Latency = 0> <II = 1> <Delay = 3.63> <Storage> <Opcode : 'read' 'write' 'nbread' 'nbwrite'> <Ports = 0> <Width = 32> <Depth = 3> <FIFO>

State 16 <SV = 15> <Delay = 4.42>
ST_16 : Operation 93 [1/1] (0.00ns)   --->   "%rend58_i = call i32 (...)* @_ssdm_op_SpecRegionEnd([137 x i8]* @nnet_KD_KD_dense_large_MD_ap_fixed_MD_32_MC_AC_16_MC_AC_1, i32 %rbegin57_i) nounwind" [firmware/nnet_utils/nnet_conv2d_stream.h:226->firmware/nnet_utils/nnet_conv2d_stream.h:267]   --->   Operation 93 'specregionend' 'rend58_i' <Predicate = (and_ln215_4)> <Delay = 0.00>
ST_16 : Operation 94 [1/1] (2.18ns)   --->   "call void @_ssdm_op_Write.ap_fifo.volatile.i32P(i32* %res_V_V, i32 %tmp_V_140)" [firmware/nnet_utils/nnet_conv2d_stream.h:229->firmware/nnet_utils/nnet_conv2d_stream.h:267]   --->   Operation 94 'write' <Predicate = (and_ln215_4)> <Delay = 2.18> <Core = "FIFO">   --->   Core 32 'FIFO' <Latency = 0> <II = 1> <Delay = 3.63> <Storage> <Opcode : 'read' 'write' 'nbread' 'nbwrite'> <Ports = 0> <Width = 32> <Depth = 3> <FIFO>
ST_16 : Operation 95 [1/1] (0.00ns)   --->   "br label %._crit_edge52.i" [firmware/nnet_utils/nnet_conv2d_stream.h:234->firmware/nnet_utils/nnet_conv2d_stream.h:267]   --->   Operation 95 'br' <Predicate = (and_ln215_4)> <Delay = 0.00>
ST_16 : Operation 96 [1/1] (2.47ns)   --->   "%icmp_ln237 = icmp eq i32 %pX_9_load, 58" [firmware/nnet_utils/nnet_conv2d_stream.h:237->firmware/nnet_utils/nnet_conv2d_stream.h:267]   --->   Operation 96 'icmp' 'icmp_ln237' <Predicate = true> <Delay = 2.47> <Core = "Cmp">   --->   Core 25 'Cmp' <Latency = 0> <II = 1> <Delay = 1.99> <FuncUnit> <Opcode : 'icmp'> <InPorts = 2> <OutPorts = 1>
ST_16 : Operation 97 [1/1] (0.00ns)   --->   "br i1 %icmp_ln237, label %0, label %4" [firmware/nnet_utils/nnet_conv2d_stream.h:237->firmware/nnet_utils/nnet_conv2d_stream.h:267]   --->   Operation 97 'br' <Predicate = true> <Delay = 0.00>
ST_16 : Operation 98 [1/1] (2.55ns)   --->   "%add_ln250 = add nsw i32 %pX_9_load, 1" [firmware/nnet_utils/nnet_conv2d_stream.h:250->firmware/nnet_utils/nnet_conv2d_stream.h:267]   --->   Operation 98 'add' 'add_ln250' <Predicate = (!icmp_ln237)> <Delay = 2.55> <Core = "AddSub">   --->   Core 14 'AddSub' <Latency = 0> <II = 1> <Delay = 2.55> <FuncUnit> <Opcode : 'add' 'sub'> <InPorts = 2> <OutPorts = 1>
ST_16 : Operation 99 [1/1] (1.76ns)   --->   "store i32 %add_ln250, i32* @pX_9, align 4" [firmware/nnet_utils/nnet_conv2d_stream.h:250->firmware/nnet_utils/nnet_conv2d_stream.h:267]   --->   Operation 99 'store' <Predicate = (!icmp_ln237)> <Delay = 1.76>
ST_16 : Operation 100 [1/1] (2.55ns)   --->   "%add_ln252 = add i32 %sX_9_load, 1" [firmware/nnet_utils/nnet_conv2d_stream.h:252->firmware/nnet_utils/nnet_conv2d_stream.h:267]   --->   Operation 100 'add' 'add_ln252' <Predicate = (!icmp_ln237 & !icmp_ln215)> <Delay = 2.55> <Core = "AddSub">   --->   Core 14 'AddSub' <Latency = 0> <II = 1> <Delay = 2.55> <FuncUnit> <Opcode : 'add' 'sub'> <InPorts = 2> <OutPorts = 1>
ST_16 : Operation 101 [1/1] (0.69ns)   --->   "%select_ln252 = select i1 %icmp_ln215, i32 4, i32 %add_ln252" [firmware/nnet_utils/nnet_conv2d_stream.h:252->firmware/nnet_utils/nnet_conv2d_stream.h:267]   --->   Operation 101 'select' 'select_ln252' <Predicate = (!icmp_ln237)> <Delay = 0.69> <Core = "Sel">   --->   Core 26 'Sel' <Latency = 0> <II = 1> <Delay = 0.69> <FuncUnit> <Opcode : 'select'> <InPorts = 3> <OutPorts = 1>
ST_16 : Operation 102 [1/1] (1.76ns)   --->   "store i32 0, i32* @pX_9, align 4" [firmware/nnet_utils/nnet_conv2d_stream.h:239->firmware/nnet_utils/nnet_conv2d_stream.h:267]   --->   Operation 102 'store' <Predicate = (icmp_ln237)> <Delay = 1.76>
ST_16 : Operation 103 [1/1] (1.76ns)   --->   "store i32 0, i32* @sX_9, align 4" [firmware/nnet_utils/nnet_conv2d_stream.h:240->firmware/nnet_utils/nnet_conv2d_stream.h:267]   --->   Operation 103 'store' <Predicate = (icmp_ln237)> <Delay = 1.76>
ST_16 : Operation 104 [1/1] (2.47ns)   --->   "%icmp_ln241 = icmp eq i32 %pY_9_load, 59" [firmware/nnet_utils/nnet_conv2d_stream.h:241->firmware/nnet_utils/nnet_conv2d_stream.h:267]   --->   Operation 104 'icmp' 'icmp_ln241' <Predicate = (icmp_ln237)> <Delay = 2.47> <Core = "Cmp">   --->   Core 25 'Cmp' <Latency = 0> <II = 1> <Delay = 1.99> <FuncUnit> <Opcode : 'icmp'> <InPorts = 2> <OutPorts = 1>
ST_16 : Operation 105 [1/1] (0.00ns)   --->   "br i1 %icmp_ln241, label %1, label %2" [firmware/nnet_utils/nnet_conv2d_stream.h:241->firmware/nnet_utils/nnet_conv2d_stream.h:267]   --->   Operation 105 'br' <Predicate = (icmp_ln237)> <Delay = 0.00>
ST_16 : Operation 106 [1/1] (2.55ns)   --->   "%add_ln245 = add nsw i32 %pY_9_load, 1" [firmware/nnet_utils/nnet_conv2d_stream.h:245->firmware/nnet_utils/nnet_conv2d_stream.h:267]   --->   Operation 106 'add' 'add_ln245' <Predicate = (icmp_ln237 & !icmp_ln241)> <Delay = 2.55> <Core = "AddSub">   --->   Core 14 'AddSub' <Latency = 0> <II = 1> <Delay = 2.55> <FuncUnit> <Opcode : 'add' 'sub'> <InPorts = 2> <OutPorts = 1>
ST_16 : Operation 107 [1/1] (1.76ns)   --->   "store i32 %add_ln245, i32* @pY_9, align 4" [firmware/nnet_utils/nnet_conv2d_stream.h:245->firmware/nnet_utils/nnet_conv2d_stream.h:267]   --->   Operation 107 'store' <Predicate = (icmp_ln237 & !icmp_ln241)> <Delay = 1.76>
ST_16 : Operation 108 [1/1] (2.55ns)   --->   "%add_ln247 = add i32 %sY_9_load, 1" [firmware/nnet_utils/nnet_conv2d_stream.h:247->firmware/nnet_utils/nnet_conv2d_stream.h:267]   --->   Operation 108 'add' 'add_ln247' <Predicate = (icmp_ln237 & !icmp_ln241 & !icmp_ln215_4)> <Delay = 2.55> <Core = "AddSub">   --->   Core 14 'AddSub' <Latency = 0> <II = 1> <Delay = 2.55> <FuncUnit> <Opcode : 'add' 'sub'> <InPorts = 2> <OutPorts = 1>
ST_16 : Operation 109 [1/1] (0.69ns)   --->   "%select_ln247 = select i1 %icmp_ln215_4, i32 4, i32 %add_ln247" [firmware/nnet_utils/nnet_conv2d_stream.h:247->firmware/nnet_utils/nnet_conv2d_stream.h:267]   --->   Operation 109 'select' 'select_ln247' <Predicate = (icmp_ln237 & !icmp_ln241)> <Delay = 0.69> <Core = "Sel">   --->   Core 26 'Sel' <Latency = 0> <II = 1> <Delay = 0.69> <FuncUnit> <Opcode : 'select'> <InPorts = 3> <OutPorts = 1>
ST_16 : Operation 110 [1/1] (1.76ns)   --->   "store i32 0, i32* @pY_9, align 4" [firmware/nnet_utils/nnet_conv2d_stream.h:242->firmware/nnet_utils/nnet_conv2d_stream.h:267]   --->   Operation 110 'store' <Predicate = (icmp_ln237 & icmp_ln241)> <Delay = 1.76>
ST_16 : Operation 111 [1/1] (1.76ns)   --->   "br label %3" [firmware/nnet_utils/nnet_conv2d_stream.h:244->firmware/nnet_utils/nnet_conv2d_stream.h:267]   --->   Operation 111 'br' <Predicate = (icmp_ln237 & icmp_ln241)> <Delay = 1.76>

State 17 <SV = 16> <Delay = 1.99>
ST_17 : Operation 112 [1/1] (1.76ns)   --->   "store i32 %select_ln252, i32* @sX_9, align 4" [firmware/nnet_utils/nnet_conv2d_stream.h:252->firmware/nnet_utils/nnet_conv2d_stream.h:267]   --->   Operation 112 'store' <Predicate = (!icmp_ln237)> <Delay = 1.76>
ST_17 : Operation 113 [1/1] (0.00ns)   --->   "br label %5"   --->   Operation 113 'br' <Predicate = (!icmp_ln237)> <Delay = 0.00>
ST_17 : Operation 114 [1/1] (1.76ns)   --->   "br label %3"   --->   Operation 114 'br' <Predicate = (icmp_ln237 & !icmp_ln241)> <Delay = 1.76>
ST_17 : Operation 115 [1/1] (0.00ns)   --->   "%storemerge_i = phi i32 [ %select_ln247, %2 ], [ 0, %1 ]" [firmware/nnet_utils/nnet_conv2d_stream.h:247->firmware/nnet_utils/nnet_conv2d_stream.h:267]   --->   Operation 115 'phi' 'storemerge_i' <Predicate = (icmp_ln237)> <Delay = 0.00>
ST_17 : Operation 116 [1/1] (0.00ns)   --->   "store i32 %storemerge_i, i32* @sY_9, align 4" [firmware/nnet_utils/nnet_conv2d_stream.h:243->firmware/nnet_utils/nnet_conv2d_stream.h:267]   --->   Operation 116 'store' <Predicate = (icmp_ln237)> <Delay = 0.00>
ST_17 : Operation 117 [1/1] (0.00ns)   --->   "br label %5" [firmware/nnet_utils/nnet_conv2d_stream.h:249->firmware/nnet_utils/nnet_conv2d_stream.h:267]   --->   Operation 117 'br' <Predicate = (icmp_ln237)> <Delay = 0.00>
ST_17 : Operation 118 [1/1] (1.99ns)   --->   "%icmp_ln206 = icmp eq i12 %i_0_i18, -557" [firmware/nnet_utils/nnet_conv2d_stream.h:206->firmware/nnet_utils/nnet_conv2d_stream.h:267]   --->   Operation 118 'icmp' 'icmp_ln206' <Predicate = true> <Delay = 1.99> <Core = "Cmp">   --->   Core 25 'Cmp' <Latency = 0> <II = 1> <Delay = 1.99> <FuncUnit> <Opcode : 'icmp'> <InPorts = 2> <OutPorts = 1>
ST_17 : Operation 119 [1/1] (0.00ns)   --->   "%empty_272 = call i32 (...)* @_ssdm_op_SpecLoopTripCount(i64 3540, i64 3540, i64 3540)"   --->   Operation 119 'speclooptripcount' 'empty_272' <Predicate = true> <Delay = 0.00>
ST_17 : Operation 120 [1/1] (0.00ns)   --->   "br i1 %icmp_ln206, label %"conv_2d_large_cl_nopad_pad_me<ap_fixed<32, 16, 5, 3, 0>, ap_fixed<32, 16, 5, 3, 0>, config4>.exit", label %.preheader.i.0" [firmware/nnet_utils/nnet_conv2d_stream.h:206->firmware/nnet_utils/nnet_conv2d_stream.h:267]   --->   Operation 120 'br' <Predicate = true> <Delay = 0.00>
ST_17 : Operation 121 [1/1] (0.00ns)   --->   "ret void" [firmware/nnet_utils/nnet_conv2d_stream.h:273]   --->   Operation 121 'ret' <Predicate = (icmp_ln206)> <Delay = 0.00>


============================================================
+ Verbose Summary: Timing violations
============================================================
Target clock period: 5ns, clock uncertainty: 0.625ns.

 <State 1>: 1.77ns
The critical path consists of the following:
	multiplexor before 'phi' operation ('i') with incoming values : ('i', firmware/nnet_utils/nnet_conv2d_stream.h:206->firmware/nnet_utils/nnet_conv2d_stream.h:267) [32]  (1.77 ns)

 <State 2>: 2.19ns
The critical path consists of the following:
	fifo read on port 'data_V_V' (firmware/nnet_utils/nnet_conv2d_stream.h:210->firmware/nnet_utils/nnet_conv2d_stream.h:267) [33]  (2.19 ns)

 <State 3>: 2.19ns
The critical path consists of the following:
	fifo read on port 'data_V_V' (firmware/nnet_utils/nnet_conv2d_stream.h:210->firmware/nnet_utils/nnet_conv2d_stream.h:267) [34]  (2.19 ns)

 <State 4>: 2.19ns
The critical path consists of the following:
	fifo read on port 'data_V_V' (firmware/nnet_utils/nnet_conv2d_stream.h:210->firmware/nnet_utils/nnet_conv2d_stream.h:267) [35]  (2.19 ns)

 <State 5>: 2.19ns
The critical path consists of the following:
	fifo read on port 'data_V_V' (firmware/nnet_utils/nnet_conv2d_stream.h:210->firmware/nnet_utils/nnet_conv2d_stream.h:267) [36]  (2.19 ns)

 <State 6>: 3.26ns
The critical path consists of the following:
	'call' operation ('call_ret', firmware/nnet_utils/nnet_conv2d_stream.h:210->firmware/nnet_utils/nnet_conv2d_stream.h:267) to 'cnnshift_arr<ap_fixed,ap_fixed<32,16,5,3,0>,config4>' [39]  (3.26 ns)

 <State 7>: 4.43ns
The critical path consists of the following:
	'load' operation ('sX_9_load', firmware/nnet_utils/nnet_conv2d_stream.h:215->firmware/nnet_utils/nnet_conv2d_stream.h:267) on static variable 'sX_9' [41]  (0 ns)
	'icmp' operation ('icmp_ln215', firmware/nnet_utils/nnet_conv2d_stream.h:215->firmware/nnet_utils/nnet_conv2d_stream.h:267) [42]  (2.47 ns)
	'and' operation ('and_ln215', firmware/nnet_utils/nnet_conv2d_stream.h:215->firmware/nnet_utils/nnet_conv2d_stream.h:267) [51]  (0 ns)
	'and' operation ('and_ln215_4', firmware/nnet_utils/nnet_conv2d_stream.h:215->firmware/nnet_utils/nnet_conv2d_stream.h:267) [53]  (0.978 ns)
	blocking operation 0.978 ns on control path)

 <State 8>: 4.25ns
The critical path consists of the following:
	'phi' operation ('tmp.V') with incoming values : ('acc[0].V', firmware/nnet_utils/nnet_dense_resource.h:422->firmware/nnet_utils/nnet_dense_resource.h:546->firmware/nnet_utils/nnet_conv2d_stream.h:222->firmware/nnet_utils/nnet_conv2d_stream.h:267) [61]  (0 ns)
	'mux' operation ('acc[0].V', firmware/nnet_utils/nnet_dense_resource.h:422->firmware/nnet_utils/nnet_dense_resource.h:546->firmware/nnet_utils/nnet_conv2d_stream.h:222->firmware/nnet_utils/nnet_conv2d_stream.h:267) [75]  (2.48 ns)
	multiplexor before 'phi' operation ('acc[7].V') with incoming values : ('acc[0].V', firmware/nnet_utils/nnet_dense_resource.h:422->firmware/nnet_utils/nnet_dense_resource.h:546->firmware/nnet_utils/nnet_conv2d_stream.h:222->firmware/nnet_utils/nnet_conv2d_stream.h:267) [93]  (1.77 ns)
	'phi' operation ('acc[7].V') with incoming values : ('acc[0].V', firmware/nnet_utils/nnet_dense_resource.h:422->firmware/nnet_utils/nnet_dense_resource.h:546->firmware/nnet_utils/nnet_conv2d_stream.h:222->firmware/nnet_utils/nnet_conv2d_stream.h:267) [93]  (0 ns)

 <State 9>: 2.19ns
The critical path consists of the following:
	fifo write on port 'res_V_V' (firmware/nnet_utils/nnet_conv2d_stream.h:229->firmware/nnet_utils/nnet_conv2d_stream.h:267) [107]  (2.19 ns)

 <State 10>: 2.19ns
The critical path consists of the following:
	fifo write on port 'res_V_V' (firmware/nnet_utils/nnet_conv2d_stream.h:229->firmware/nnet_utils/nnet_conv2d_stream.h:267) [108]  (2.19 ns)

 <State 11>: 2.19ns
The critical path consists of the following:
	fifo write on port 'res_V_V' (firmware/nnet_utils/nnet_conv2d_stream.h:229->firmware/nnet_utils/nnet_conv2d_stream.h:267) [109]  (2.19 ns)

 <State 12>: 2.19ns
The critical path consists of the following:
	fifo write on port 'res_V_V' (firmware/nnet_utils/nnet_conv2d_stream.h:229->firmware/nnet_utils/nnet_conv2d_stream.h:267) [110]  (2.19 ns)

 <State 13>: 2.19ns
The critical path consists of the following:
	fifo write on port 'res_V_V' (firmware/nnet_utils/nnet_conv2d_stream.h:229->firmware/nnet_utils/nnet_conv2d_stream.h:267) [111]  (2.19 ns)

 <State 14>: 2.19ns
The critical path consists of the following:
	fifo write on port 'res_V_V' (firmware/nnet_utils/nnet_conv2d_stream.h:229->firmware/nnet_utils/nnet_conv2d_stream.h:267) [112]  (2.19 ns)

 <State 15>: 2.19ns
The critical path consists of the following:
	fifo write on port 'res_V_V' (firmware/nnet_utils/nnet_conv2d_stream.h:229->firmware/nnet_utils/nnet_conv2d_stream.h:267) [113]  (2.19 ns)

 <State 16>: 4.43ns
The critical path consists of the following:
	'icmp' operation ('icmp_ln237', firmware/nnet_utils/nnet_conv2d_stream.h:237->firmware/nnet_utils/nnet_conv2d_stream.h:267) [117]  (2.47 ns)
	blocking operation 1.96 ns on control path)

 <State 17>: 1.99ns
The critical path consists of the following:
	'icmp' operation ('icmp_ln206', firmware/nnet_utils/nnet_conv2d_stream.h:206->firmware/nnet_utils/nnet_conv2d_stream.h:267) [145]  (1.99 ns)


============================================================
+ Verbose Summary: Binding
============================================================
N/A
* FSMD analyzer results:
  - Output states:
 - Input state : 
  - Chain level:
	State 1
	State 2
	State 3
	State 4
	State 5
	State 6
	State 7
	State 8
	State 9
	State 10
	State 11
	State 12
	State 13
	State 14
	State 15
	State 16
	State 17


============================================================
+ Verbose Summary: Datapath Resource usage 
============================================================
N/A
